[SYNCED]New data for subpage #0: 0x0008?
[0xffd2, 0xffd4, 0xffda, 0xffcf, 0xffd2, 0xffd4, 0xffdc, 0xffcc, 0xffd4, 0xffd2, 0xffdb, 0xffcc, 0xffd3, 0xffd4, 0xffe3, 0xffd2, 0xffbc, 0xffb0, 0xffba, 0xffa9, 0xffb5, 0xffae, 0xffbb, 0xffa8, 0xffb7, 0xffb0, 0xffbc, 0xffaa, 0xffb8, 0xffaf, 0xffc2, 0xffa7,
0xffcd, 0xffce, 0xffca, 0xffcc, 0xffce, 0xffcd, 0xffc8, 0xffcd, 0xffce, 0xffcd, 0xffca, 0xffcc, 0xffd0, 0xffcf, 0xffd4, 0xffd0, 0xffb7, 0xffaa, 0xffa8, 0xffac, 0xffb1, 0xffa7, 0xffa8, 0xffa7, 0xffb4, 0xffaa, 0xffa9, 0xffaa, 0xffb3, 0xffab, 0xffb1, 0xffa9,
0xffd4, 0xffd4, 0xffdb, 0xffd0, 0xffd4, 0xffd5, 0xffde, 0xffce, 0xffd7, 0xffd4, 0xffdd, 0xffcc, 0xffd6, 0xffd8, 0xffe8, 0xffd1, 0xffb8, 0xffaf, 0xffb8, 0xffaa, 0xffb3, 0xffae, 0xffb7, 0xffa5, 0xffb5, 0xffad, 0xffbb, 0xffa7, 0xffb8, 0xffaf, 0xffc0, 0xffa4,
0xffd1, 0xffcf, 0xffca, 0xffd0, 0xffd2, 0xffcf, 0xffcb, 0xffcf, 0xffd2, 0xffcf, 0xffcc, 0xffcf, 0xffd2, 0xffd3, 0xffd7, 0xffd2, 0xffb4, 0xffaa, 0xffa5, 0xffa8, 0xffb0, 0xffa7, 0xffa5, 0xffa7, 0xffb3, 0xffaa, 0xffac, 0xffa7, 0xffb3, 0xffa9, 0xffaf, 0xffa6,
0xffdc, 0xffd8, 0xffdc, 0xffd3, 0xffdc, 0xffdb, 0xffe0, 0xffd4, 0xffdc, 0xffd8, 0xffdf, 0xffd1, 0xffde, 0xffdc, 0xffea, 0xffd3, 0xffba, 0xffb0, 0xffb7, 0xffa6, 0xffb3, 0xffac, 0xffb8, 0xffa5, 0xffb3, 0xffae, 0xffb9, 0xffa9, 0xffb4, 0xffad, 0xffbe, 0xffa8,
0xffd5, 0xffd1, 0xffce, 0xffd2, 0xffd5, 0xffd4, 0xffd0, 0xffd3, 0xffd9, 0xffd4, 0xffd0, 0xffd4, 0xffdc, 0xffd9, 0xffdb, 0xffd3, 0xffb4, 0xffa9, 0xffa6, 0xffa6, 0xffaf, 0xffa7, 0xffa6, 0xffa4, 0xffae, 0xffa7, 0xffab, 0xffa7, 0xffb1, 0xffa9, 0xffaf, 0xffa7,
0xffd8, 0xffd9, 0xffe3, 0xd8f6, 0xffde, 0xffe0, 0xffe8, 0xffda, 0xffe2, 0xffdf, 0xffe8, 0xffda, 0xffe5, 0xffe7, 0xffef, 0xffd2, 0xffb6, 0xffae, 0xffb6, 0xffa6, 0xffb0, 0xffab, 0xffb6, 0xffa5, 0xffb5, 0xffab, 0xffba, 0xffa5, 0xffb6, 0xffae, 0xffbf, 0xffa4,
0xffd2, 0xffd4, 0xffc2, 0xffd8, 0xffdb, 0xffdc, 0xffd9, 0xffdb, 0xffe0, 0xffdd, 0xffdd, 0xffde, 0xffe4, 0xffe4, 0xffde, 0xffcf, 0xffb1, 0xffa7, 0xffa3, 0xffa7, 0xffac, 0xffa5, 0xffa4, 0xffa6, 0xffae, 0xffa6, 0xffaa, 0xffa6, 0xffb2, 0xffa8, 0xffaf, 0xffa6,
0xffe2, 0xffe4, 0xffee, 0xffe4, 0xffed, 0xfff1, 0xfff7, 0xffea, 0xfff3, 0xfff0, 0xfff7, 0xffe8, 0xffef, 0xffec, 0xffed, 0xffcd, 0xffb7, 0xffae, 0xffb7, 0xffa6, 0xffb3, 0xffac, 0xffb5, 0xffa6, 0xffb6, 0xffac, 0xffb7, 0xffa6, 0xffb4, 0xffae, 0xffbd, 0xffa4,
0xffdc, 0xffdb, 0xffdb, 0xffe1, 0xffe9, 0xffe8, 0xffe4, 0xffe7, 0xffec, 0xffe8, 0xffdf, 0xffe0, 0xffe1, 0xffde, 0xffd0, 0xffc6, 0xffb1, 0xffa6, 0xffa4, 0xffa5, 0xffad, 0xffa6, 0xffa4, 0xffa6, 0xffaf, 0xffa4, 0xffa5, 0xffa5, 0xffae, 0xffa4, 0xffab, 0xffa5,
0xffc0, 0xffb9, 0xffb6, 0xffad, 0xffc8, 0xffd3, 0xffe0, 0xffd0, 0xffd3, 0xffcd, 0xffd0, 0xffc3, 0xffc8, 0xffc7, 0xffc7, 0xffb3, 0xffb5, 0xffad, 0xffb7, 0xffa9, 0xffb6, 0xffae, 0xffb8, 0xffa5, 0xffb5, 0xffa9, 0xffb8, 0xffa4, 0xffb1, 0xffab, 0xffba, 0xffa4,
0xffa4, 0xffa3, 0xff9b, 0xffa1, 0xffad, 0xffae, 0xffb2, 0xffb2, 0xffb1, 0xffad, 0xffa8, 0xffab, 0xffae, 0xffae, 0xffa6, 0xffa7, 0xffac, 0xffa5, 0xffa4, 0xffa8, 0xffaf, 0xffa6, 0xffa4, 0xffa5, 0xffaf, 0xffa3, 0xffa5, 0xffa4, 0xffac, 0xffa4, 0xffa9, 0xffa0,
0xffa4, 0xffa8, 0xffab, 0xff9f, 0xffa7, 0xffaa, 0xffb0, 0xffa4, 0xffaa, 0xffa9, 0xffb3, 0xffa5, 0xffae, 0xffaf, 0xffb4, 0xffa7, 0xffb0, 0xffae, 0xffb8, 0xffa6, 0xffb2, 0xffad, 0xffb8, 0xffa6, 0xffb3, 0xffad, 0xffb6, 0xffa2, 0xffb1, 0xffaa, 0xffb9, 0xffa0,
0xff9b, 0xff9d, 0xff92, 0xff98, 0xff9e, 0xff9d, 0xff96, 0xff9f, 0xff9f, 0xff9b, 0xff9a, 0xff9f, 0xffa6, 0xffa3, 0xff9e, 0xffa3, 0xffab, 0xffa5, 0xffa4, 0xffa4, 0xffac, 0xffa5, 0xffa1, 0xffa6, 0xffad, 0xffa8, 0xffa2, 0xff9f, 0xffa9, 0xffa1, 0xffa4, 0xff9e,
0xffa2, 0xffa6, 0xffa9, 0xff9d, 0xffa4, 0xffa7, 0xffa8, 0xff9b, 0xffa3, 0xffa5, 0xffac, 0xffa2, 0xffac, 0xffad, 0xffb5, 0xffa7, 0xffb2, 0xffae, 0xffb6, 0xffa9, 0xffb2, 0xffad, 0xffb7, 0xffa8, 0xffb2, 0xffaa, 0xffb4, 0xffa2, 0xffaf, 0xffaa, 0xffb5, 0xffa1,
0xff97, 0xff98, 0xff93, 0xff97, 0xff97, 0xff99, 0xff92, 0xff96, 0xff98, 0xff96, 0xff94, 0xff9c, 0xffa4, 0xffa1, 0xffa0, 0xffa3, 0xffa8, 0xffa4, 0xffa2, 0xffa6, 0xffac, 0xffa4, 0xffa3, 0xffa5, 0xffab, 0xffa1, 0xffa0, 0xffa0, 0xffab, 0xffa1, 0xffa3, 0xff9f,
0xffa5, 0xffa6, 0xffa8, 0xffa1, 0xffa4, 0xffa6, 0xffa5, 0xff9c, 0xffa4, 0xffa2, 0xffa9, 0xffa3, 0xffb0, 0xffad, 0xffb2, 0xffa8, 0xffb8, 0xffb4, 0xffb9, 0xffa9, 0xffb6, 0xffb0, 0xffbb, 0xffaa, 0xffb2, 0xffac, 0xffb2, 0xffa3, 0xffad, 0xffaa, 0xffb5, 0xffa1,
0xff98, 0xff96, 0xff8e, 0xff96, 0xff98, 0xff98, 0xff8f, 0xff95, 0xff9b, 0xff95, 0xff93, 0xff9c, 0xffa5, 0xffa0, 0xff9f, 0xffa7, 0xffb6, 0xffb1, 0xffa9, 0xffab, 0xffad, 0xffa6, 0xffa6, 0xffa8, 0xffac, 0xffa3, 0xffa1, 0xffa0, 0xffa5, 0xff9f, 0xffa5, 0xff9e,
0xff9f, 0xffa7, 0xffa6, 0xff9e, 0xffa1, 0xffa5, 0xffa7, 0xff9b, 0xffa2, 0xffa5, 0xffaa, 0xffa0, 0xffaa, 0xffac, 0xffbc, 0xffbd, 0xffd1, 0xffce, 0xffcf, 0xffc2, 0xffbb, 0xffb1, 0xffc0, 0xffb1, 0xffb7, 0xffb2, 0xffb8, 0xffa2, 0xffad, 0xffaa, 0xffbb, 0xffa6,
0xff90, 0xff95, 0xff8a, 0xff95, 0xff96, 0xff94, 0xff8d, 0xff94, 0xff96, 0xff95, 0xff8f, 0xff97, 0xff9a, 0xff9a, 0xff9b, 0xffa9, 0xffbc, 0xffbb, 0xffb9, 0xffbf, 0xffb6, 0xffa6, 0xffa9, 0xffad, 0xffb1, 0xffa8, 0xffa3, 0xffa0, 0xffa5, 0xff9e, 0xffa4, 0xffa0,
0xff9c, 0xffa5, 0xffa6, 0xff9d, 0xff9d, 0xffa3, 0xffa6, 0xff9b, 0xffa2, 0xffa1, 0xffa5, 0xff9a, 0xffa0, 0xffa3, 0xffa8, 0xff9b, 0xffaf, 0xffaf, 0xffc2, 0xffb9, 0xffbc, 0xffb4, 0xffb5, 0xffa6, 0xffb9, 0xffb2, 0xffb2, 0xffa2, 0xffac, 0xffab, 0xffb4, 0xffa1,
0xff8c, 0xff91, 0xff8a, 0xff92, 0xff8f, 0xff90, 0xff8a, 0xff91, 0xff96, 0xff93, 0xff8c, 0xff93, 0xff96, 0xff95, 0xff8f, 0xff95, 0xffa2, 0xff9b, 0xff9a, 0xffa0, 0xffac, 0xffa5, 0xff9e, 0xff9f, 0xffaf, 0xffa5, 0xff9b, 0xff9e, 0xffa5, 0xffa2, 0xffa1, 0xff9c,
0xff9c, 0xffa7, 0xffa4, 0xff9e, 0xffa2, 0xffa5, 0xffa4, 0xff9b, 0xffa2, 0xffa4, 0xffa6, 0xffa0, 0xffaa, 0xffac, 0xffac, 0xffa4, 0xffb6, 0xffb2, 0xffaf, 0xffa7, 0xffb2, 0xffb0, 0xffb4, 0xffa8, 0xffb3, 0xffae, 0xffad, 0xffa3, 0xffab, 0xffac, 0xffb1, 0xffa3,
0xff84, 0xff8a, 0xff7f, 0xff8b, 0xff8c, 0xff8b, 0xff7f, 0xff8a, 0xff8b, 0xff8a, 0xff85, 0xff8b, 0xff91, 0xff8f, 0xff88, 0xff8f, 0xff9d, 0xff98, 0xff90, 0xff95, 0xff9d, 0xff94, 0xff92, 0xff97, 0xff9d, 0xff97, 0xff92, 0xff90, 0xff9b, 0xff96, 0xff97, 0xff94,
0x4a57, 0x1950, 0x7fff, 0x1950, 0x7fff, 0x194f, 0x7fff, 0x194f, 0xffc6, 0xce22, 0x16e6, 0xd83d, 0xffff, 0x11, 0x5, 0xfffc, 0x1786, 0x3e5, 0x25e, 0x7fff, 0x1786, 0x3e5, 0x25e, 0x7fff, 0x1, 0x1, 0x1, 0x1, 0x1, 0x1, 0x1, 0x1,
0x654, 0x7fff, 0x1950, 0x7fff, 0x1950, 0x7fff, 0x194f, 0x7fff, 0xffc9, 0xf5d2, 0xcf2b, 0xd862, 0x10, 0x5, 0xfffd, 0xfffb, 0xe9, 0x48, 0x26ff, 0x42, 0xe9, 0x47, 0x26ff, 0x42, 0x1, 0x1, 0x1, 0x1, 0x1, 0x1, 0x1, 0x1]
New data for subpage #1: 0x0009?
[0xffd1, 0xffd5, 0xffdc, 0xffcf, 0xffd3, 0xffd4, 0xffdd, 0xffcc, 0xffd1, 0xffd2, 0xffde, 0xffca, 0xffd3, 0xffd3, 0xffe6, 0xffcf, 0xffba, 0xffaf, 0xffbb, 0xffac, 0xffb3, 0xffad, 0xffbc, 0xffa7, 0xffb7, 0xffaf, 0xffbf, 0xffa9, 0xffb5, 0xffaf, 0xffc3, 0xffa7,
0xffce, 0xffcf, 0xffc8, 0xffd4, 0xffcd, 0xffcc, 0xffc6, 0xffd2, 0xffd0, 0xffcc, 0xffc7, 0xffd2, 0xffd1, 0xffce, 0xffd2, 0xffd7, 0xffb7, 0xffa9, 0xffa5, 0xffb1, 0xffb0, 0xffa6, 0xffa7, 0xffad, 0xffb3, 0xffaa, 0xffaa, 0xffb1, 0xffb4, 0xffaa, 0xffb0, 0xffae,
0xffd3, 0xffd5, 0xffde, 0xffcf, 0xffd4, 0xffd4, 0xffdd, 0xffcf, 0xffd7, 0xffd4, 0xffde, 0xffcc, 0xffd4, 0xffd6, 0xffe9, 0xffd1, 0xffb6, 0xffaf, 0xffb7, 0xffa9, 0xffb3, 0xffac, 0xffb8, 0xffa5, 0xffb4, 0xffae, 0xffbe, 0xffa7, 0xffb8, 0xffad, 0xffc3, 0xffa5,
0xffd1, 0xffce, 0xffc8, 0xffd4, 0xffd0, 0xffce, 0xffc8, 0xffd5, 0xffd4, 0xffcc, 0xffcb, 0xffd3, 0xffd3, 0xffd2, 0xffd5, 0xffd6, 0xffb3, 0xffa9, 0xffa3, 0xffac, 0xffaf, 0xffa7, 0xffa4, 0xffac, 0xffb2, 0xffa8, 0xffa8, 0xffae, 0xffb3, 0xffa7, 0xffaf, 0xffac,
0xffd9, 0xffd7, 0xffe0, 0xffd3, 0xffd7, 0xffda, 0xffe2, 0xffd2, 0xffdc, 0xffd8, 0xffe1, 0xffd1, 0xffdc, 0xffdd, 0xffec, 0xffd2, 0xffb8, 0xffac, 0xffba, 0xffa6, 0xffb1, 0xffab, 0xffb9, 0xffa6, 0xffb2, 0xffac, 0xffbc, 0xffa8, 0xffb2, 0xffad, 0xffc1, 0xffa8,
0xffd5, 0xffd0, 0xffca, 0xffd7, 0xffd7, 0xffd3, 0xffce, 0xffd9, 0xffd8, 0xffd2, 0xffce, 0xffd7, 0xffda, 0xffd5, 0xffd9, 0xffd6, 0xffb2, 0xffa7, 0xffa4, 0xffa9, 0xffae, 0xffa5, 0xffa5, 0xffab, 0xffae, 0xffa6, 0xffa8, 0xffac, 0xffb0, 0xffa7, 0xffaf, 0xffab,
0xffd5, 0xffda, 0xffe5, 0xd913, 0xffdc, 0xffdf, 0xffe8, 0xffd9, 0xffe1, 0xffdf, 0xffe9, 0xffd7, 0xffe2, 0xffe6, 0xfff1, 0xffcf, 0xffb7, 0xffab, 0xffb7, 0xffa6, 0xffb0, 0xffab, 0xffb8, 0xffa3, 0xffb4, 0xffa9, 0xffbb, 0xffa5, 0xffb3, 0xffad, 0xffc1, 0xffa3,
0xffd2, 0xffd3, 0xffc0, 0xffdc, 0xffdb, 0xffdc, 0xffd7, 0xffe0, 0xffdf, 0xffdc, 0xffd9, 0xffe3, 0xffe3, 0xffe2, 0xffdc, 0xffd5, 0xffad, 0xffa5, 0xffa1, 0xffaa, 0xffad, 0xffa6, 0xffa3, 0xffaa, 0xffb1, 0xffa4, 0xffa7, 0xffab, 0xffb2, 0xffa6, 0xffad, 0xffa9,
0xffe0, 0xffe3, 0xfff1, 0xffe5, 0xffee, 0xffef, 0xfffb, 0xffea, 0xfff2, 0xffee, 0xfff8, 0xffe7, 0xffee, 0xffec, 0xffee, 0xffcc, 0xffb8, 0xffab, 0xffba, 0xffa5, 0xffb1, 0xffad, 0xffb7, 0xffa5, 0xffb5, 0xffab, 0xffb9, 0xffa5, 0xffb3, 0xffaa, 0xffc0, 0xffa5,
0xffdd, 0xffdb, 0xffdb, 0xffe5, 0xffea, 0xffe6, 0xffe4, 0xffec, 0xffed, 0xffe7, 0xffdb, 0xffe3, 0xffe2, 0xffde, 0xffd1, 0xffcb, 0xffb0, 0xffa5, 0xffa4, 0xffa9, 0xffad, 0xffa6, 0xffa2, 0xffa9, 0xffb0, 0xffa2, 0xffa4, 0xffa9, 0xffad, 0xffa3, 0xffac, 0xffa9,
0xffc0, 0xffb8, 0xffb9, 0xffae, 0xffc7, 0xffd2, 0xffe2, 0xffcf, 0xffd2, 0xffcd, 0xffd1, 0xffc4, 0xffc6, 0xffc5, 0xffc9, 0xffb3, 0xffb4, 0xffac, 0xffba, 0xffa9, 0xffb4, 0xffae, 0xffbc, 0xffa5, 0xffb2, 0xffaa, 0xffb8, 0xffa5, 0xffb0, 0xffab, 0xffbd, 0xffa4,
0xffa4, 0xffa3, 0xff9a, 0xffa7, 0xffad, 0xffad, 0xffaf, 0xffb9, 0xffb2, 0xffab, 0xffa7, 0xffb1, 0xffae, 0xffaa, 0xffa4, 0xffab, 0xffad, 0xffa3, 0xffa2, 0xffad, 0xffb1, 0xffa6, 0xffa3, 0xffa9, 0xffae, 0xffa3, 0xffa3, 0xffa7, 0xffae, 0xffa3, 0xffa8, 0xffa4,
0xffa4, 0xffaa, 0xffaa, 0xff9e, 0xffa6, 0xffa9, 0xffb2, 0xffa4, 0xffa5, 0xffa8, 0xffb6, 0xffa3, 0xffae, 0xffad, 0xffb5, 0xffa6, 0xffaf, 0xffac, 0xffb9, 0xffa6, 0xffb2, 0xffae, 0xffb9, 0xffa6, 0xffb1, 0xffab, 0xffb8, 0xffa1, 0xffaf, 0xffaa, 0xffbb, 0xff9f,
0xff9b, 0xff99, 0xff91, 0xff9f, 0xff9d, 0xff9b, 0xff97, 0xffa3, 0xff9c, 0xff9a, 0xff99, 0xffa4, 0xffa8, 0xffa2, 0xff9f, 0xffa8, 0xffa9, 0xffa4, 0xffa1, 0xffa9, 0xffae, 0xffa4, 0xffa2, 0xffa9, 0xffad, 0xffa6, 0xff9f, 0xffa3, 0xffa7, 0xffa2, 0xffa5, 0xffa1,
0xffa1, 0xffa6, 0xffab, 0xff9d, 0xffa1, 0xffa5, 0xffac, 0xff9f, 0xffa2, 0xffa3, 0xffad, 0xff9f, 0xffad, 0xffae, 0xffb6, 0xffa7, 0xffaf, 0xffae, 0xffb9, 0xffa6, 0xffb3, 0xffad, 0xffbb, 0xffa8, 0xffb1, 0xffa9, 0xffb6, 0xffa1, 0xffaf, 0xffab, 0xffbb, 0xffa1,
0xff97, 0xff96, 0xff90, 0xff99, 0xff99, 0xff96, 0xff90, 0xff9c, 0xff97, 0xff95, 0xff93, 0xffa1, 0xffa5, 0xffa1, 0xff9d, 0xffa7, 0xffaa, 0xffa5, 0xffa1, 0xffa9, 0xffac, 0xffa1, 0xffa1, 0xffaa, 0xffa9, 0xff9f, 0xff9e, 0xffa5, 0xffa9, 0xff9f, 0xffa2, 0xffa5,
0xffa4, 0xffa7, 0xffab, 0xff9e, 0xffa1, 0xffa4, 0xffa8, 0xff9d, 0xffa3, 0xffa4, 0xffab, 0xffa3, 0xffae, 0xffac, 0xffb5, 0xffa7, 0xffb6, 0xffb3, 0xffbc, 0xffab, 0xffb5, 0xffb0, 0xffbc, 0xffaa, 0xffb1, 0xffab, 0xffb4, 0xffa3, 0xffab, 0xffa9, 0xffb6, 0xffa0,
0xff99, 0xff97, 0xff8f, 0xff9b, 0xff97, 0xff96, 0xff8c, 0xff9a, 0xff9b, 0xff94, 0xff92, 0xffa1, 0xffa5, 0xffa0, 0xff9e, 0xffac, 0xffb6, 0xffb0, 0xffa8, 0xffae, 0xffad, 0xffa3, 0xffa7, 0xffad, 0xffac, 0xffa2, 0xff9f, 0xffa4, 0xffa8, 0xff9f, 0xffa3, 0xffa1,
0xff9e, 0xffa6, 0xffa9, 0xff9c, 0xff9f, 0xffa5, 0xffa9, 0xff99, 0xffa0, 0xffa3, 0xffaa, 0xffa0, 0xffab, 0xffac, 0xffbe, 0xffbd, 0xffd0, 0xffce, 0xffd0, 0xffc0, 0xffb9, 0xffb1, 0xffc2, 0xffb2, 0xffb5, 0xffb2, 0xffbc, 0xffa4, 0xffab, 0xffaa, 0xffbd, 0xffa5,
0xff8f, 0xff94, 0xff89, 0xff95, 0xff94, 0xff93, 0xff89, 0xff99, 0xff94, 0xff96, 0xff8d, 0xff99, 0xff9a, 0xff98, 0xff98, 0xffaa, 0xffbe, 0xffbc, 0xffba, 0xffc2, 0xffb6, 0xffa6, 0xffa9, 0xffb1, 0xffb1, 0xffab, 0xffa2, 0xffa2, 0xffa7, 0xff9d, 0xffa2, 0xffa5,
0xff9a, 0xffa6, 0xffa7, 0xff9d, 0xff9c, 0xffa3, 0xffa7, 0xff9a, 0xff9f, 0xffa2, 0xffa6, 0xff99, 0xffa0, 0xffa3, 0xffa9, 0xff9c, 0xffad, 0xffaf, 0xffc2, 0xffb8, 0xffba, 0xffb3, 0xffb7, 0xffa6, 0xffb8, 0xffb2, 0xffb4, 0xffa1, 0xffaa, 0xffaa, 0xffb7, 0xffa1,
0xff8d, 0xff91, 0xff87, 0xff97, 0xff8f, 0xff91, 0xff87, 0xff94, 0xff94, 0xff90, 0xff8b, 0xff97, 0xff96, 0xff93, 0xff8d, 0xff99, 0xff9f, 0xff9a, 0xff99, 0xffa4, 0xffac, 0xffa3, 0xff9b, 0xffa3, 0xffaf, 0xffa5, 0xff99, 0xffa1, 0xffa7, 0xff9e, 0xff9e, 0xffa0,
0xff9d, 0xffa7, 0xffa7, 0xff9f, 0xffa2, 0xffa5, 0xffa5, 0xff9c, 0xffa1, 0xffa3, 0xffaa, 0xffa0, 0xffa9, 0xffab, 0xffae, 0xffa2, 0xffb3, 0xffb2, 0xffb2, 0xffa4, 0xffb1, 0xffaf, 0xffb8, 0xffa5, 0xffb0, 0xffae, 0xffb0, 0xffa2, 0xffaa, 0xffad, 0xffb2, 0xffa2,
0xff85, 0xff88, 0xff7e, 0xff8e, 0xff8c, 0xff8b, 0xff7b, 0xff8f, 0xff8b, 0xff88, 0xff85, 0xff8e, 0xff91, 0xff8d, 0xff87, 0xff94, 0xff9c, 0xff97, 0xff8c, 0xff99, 0xff9c, 0xff93, 0xff91, 0xff9a, 0xff9b, 0xff96, 0xff90, 0xff96, 0xff9c, 0xff95, 0xff95, 0xff99,
0x4a59, 0x1952, 0x7fff, 0x1952, 0x7fff, 0x1951, 0x7fff, 0x1951, 0xffc5, 0xce21, 0x16ea, 0xd83c, 0xfffe, 0xf, 0x7, 0xfffa, 0x177f, 0x3e5, 0x262, 0x7fff, 0x177e, 0x3e5, 0x262, 0x7fff, 0x1, 0x1, 0x1, 0x1, 0x1, 0x1, 0x1, 0x1,
0x654, 0x7fff, 0x1952, 0x7fff, 0x1952, 0x7fff, 0x1951, 0x7fff, 0xffc9, 0xf5d2, 0xcf2a, 0xd865, 0xe, 0x4, 0xfffa, 0x1, 0xea, 0x46, 0x2702, 0x45, 0xea, 0x46, 0x2702, 0x45, 0x1, 0x1, 0x1, 0x1, 0x1, 0x1, 0x1, 0x1]
New data for subpage #0: 0x0008?
[0xffd4, 0xffd4, 0xffdf, 0xffcb, 0xffd4, 0xffd2, 0xffdc, 0xffcb, 0xffd4, 0xffd1, 0xffde, 0xffca, 0xffd6, 0xffd2, 0xffe7, 0xffce, 0xffbd, 0xffae, 0xffbd, 0xffaa, 0xffb6, 0xffac, 0xffba, 0xffa5, 0xffb9, 0xffb0, 0xffbd, 0xffa7, 0xffb9, 0xffae, 0xffc3, 0xffa4,
0xffcd, 0xffcf, 0xffc7, 0xffd0, 0xffce, 0xffcc, 0xffc5, 0xffce, 0xffcd, 0xffce, 0xffc7, 0xffce, 0xffcd, 0xffcf, 0xffd0, 0xffd3, 0xffb5, 0xffac, 0xffa6, 0xffb0, 0xffaf, 0xffa9, 0xffa4, 0xffaa, 0xffb3, 0xffaa, 0xffab, 0xffae, 0xffb2, 0xffac, 0xffad, 0xffad,
0xffd5, 0xffd5, 0xffde, 0xffcd, 0xffd6, 0xffd3, 0xffe0, 0xffcc, 0xffd7, 0xffd3, 0xffdf, 0xffcc, 0xffd7, 0xffd6, 0xffea, 0xffce, 0xffb9, 0xffae, 0xffb8, 0xffa7, 0xffb5, 0xffac, 0xffb9, 0xffa2, 0xffb7, 0xffac, 0xffbe, 0xffa4, 0xffb9, 0xffad, 0xffc2, 0xffa1,
0xffce, 0xffd0, 0xffc8, 0xffd3, 0xffd0, 0xffcf, 0xffc8, 0xffd3, 0xffd1, 0xffd2, 0xffca, 0xffd0, 0xffd0, 0xffd4, 0xffd3, 0xffd3, 0xffb1, 0xffaa, 0xffa3, 0xffab, 0xffaf, 0xffa7, 0xffa3, 0xffa9, 0xffaf, 0xffaa, 0xffa9, 0xffae, 0xffb3, 0xffa8, 0xffac, 0xffab,
0xffdc, 0xffd6, 0xffe0, 0xffd1, 0xffd8, 0xffd8, 0xffe2, 0xffd1, 0xffdc, 0xffd6, 0xffe1, 0xffd0, 0xffde, 0xffda, 0xffec, 0xffd0, 0xffbc, 0xffad, 0xffba, 0xffa6, 0xffb4, 0xffab, 0xffb9, 0xffa3, 0xffb2, 0xffae, 0xffbc, 0xffa7, 0xffb6, 0xffad, 0xffc3, 0xffa4,
0xffd3, 0xffd2, 0xffc9, 0xffd6, 0xffd4, 0xffd3, 0xffce, 0xffd5, 0xffd5, 0xffd4, 0xffcf, 0xffd4, 0xffd7, 0xffd8, 0xffd9, 0xffd6, 0xffb3, 0xffa8, 0xffa3, 0xffa8, 0xffad, 0xffa7, 0xffa4, 0xffa7, 0xffad, 0xffa7, 0xffa8, 0xffaa, 0xffb0, 0xffa8, 0xffac, 0xffa9,
0xffd9, 0xffd6, 0xffe7, 0xd917, 0xffde, 0xffde, 0xffe9, 0xffd8, 0xffe3, 0xffdc, 0xffeb, 0xffd5, 0xffe6, 0xffe2, 0xfff0, 0xffce, 0xffb7, 0xffab, 0xffb8, 0xffa5, 0xffb1, 0xffab, 0xffb8, 0xffa1, 0xffb6, 0xffaa, 0xffbc, 0xffa4, 0xffb7, 0xffad, 0xffc2, 0xffa2,
0xffd0, 0xffd5, 0xffc2, 0xffdb, 0xffd7, 0xffdb, 0xffd6, 0xffe0, 0xffdd, 0xffdd, 0xffda, 0xffe2, 0xffe3, 0xffe1, 0xffda, 0xffd2, 0xffae, 0xffa8, 0xffa1, 0xffa9, 0xffab, 0xffa4, 0xffa2, 0xffa9, 0xffac, 0xffa5, 0xffa6, 0xffa8, 0xffb1, 0xffa8, 0xffab, 0xffa7,
0xffe3, 0xffe2, 0xfff0, 0xffe2, 0xffef, 0xfff0, 0xfff9, 0xffe9, 0xfff2, 0xfff0, 0xfff9, 0xffe4, 0xfff0, 0xffec, 0xffef, 0xffc9, 0xffb7, 0xffab, 0xffb9, 0xffa3, 0xffb4, 0xffac, 0xffb6, 0xffa3, 0xffb6, 0xffab, 0xffb9, 0xffa4, 0xffb6, 0xffab, 0xffc0, 0xffa2,
0xffda, 0xffdc, 0xffd9, 0xffe2, 0xffe6, 0xffe8, 0xffe1, 0xffeb, 0xffe9, 0xffe7, 0xffdb, 0xffe2, 0xffe1, 0xffde, 0xffd0, 0xffc9, 0xffae, 0xffa5, 0xffa1, 0xffa7, 0xffab, 0xffa4, 0xff9f, 0xffa8, 0xffae, 0xffa5, 0xffa2, 0xffa8, 0xffab, 0xffa5, 0xffa8, 0xffa6,
0xffc1, 0xffb8, 0xffb8, 0xffab, 0xffc9, 0xffd2, 0xffe3, 0xffcd, 0xffd4, 0xffcc, 0xffd4, 0xffc1, 0xffc9, 0xffc5, 0xffca, 0xffb1, 0xffb6, 0xffaa, 0xffba, 0xffa7, 0xffb9, 0xffad, 0xffbb, 0xffa5, 0xffb5, 0xffa9, 0xffb9, 0xffa3, 0xffb1, 0xffa9, 0xffbe, 0xffa0,
0xffa2, 0xffa3, 0xff98, 0xffa3, 0xffab, 0xffae, 0xffaf, 0xffb5, 0xffaf, 0xffac, 0xffa4, 0xffac, 0xffac, 0xffac, 0xffa5, 0xffaa, 0xffac, 0xffa6, 0xffa3, 0xffab, 0xffb0, 0xffa7, 0xffa2, 0xffa7, 0xffad, 0xffa3, 0xffa1, 0xffa5, 0xffaa, 0xffa4, 0xffa6, 0xffa3,
0xffa8, 0xffa7, 0xffab, 0xff9d, 0xffa8, 0xffa9, 0xffb4, 0xffa3, 0xffaa, 0xffa8, 0xffb6, 0xffa1, 0xffb0, 0xffad, 0xffb7, 0xffa2, 0xffb2, 0xffab, 0xffb9, 0xffa3, 0xffb2, 0xffae, 0xffb8, 0xffa3, 0xffb4, 0xffac, 0xffb8, 0xffa2, 0xffb1, 0xffa9, 0xffb9, 0xff9e,
0xff9c, 0xff9a, 0xff90, 0xff9c, 0xff9b, 0xff9d, 0xff93, 0xffa0, 0xff9a, 0xff9c, 0xff9a, 0xffa1, 0xffa5, 0xffa3, 0xff9d, 0xffa6, 0xffa8, 0xffa4, 0xff9f, 0xffa7, 0xffab, 0xffa4, 0xffa0, 0xffa7, 0xffab, 0xffa8, 0xffa0, 0xffa3, 0xffa8, 0xffa1, 0xffa2, 0xffa1,
0xffa3, 0xffa5, 0xffac, 0xff9a, 0xffa3, 0xffa6, 0xffac, 0xff9b, 0xffa3, 0xffa2, 0xffae, 0xff9e, 0xffaf, 0xffac, 0xffb6, 0xffa4, 0xffb2, 0xffaf, 0xffba, 0xffa6, 0xffb5, 0xffad, 0xffbb, 0xffa5, 0xffb1, 0xffa9, 0xffb6, 0xff9f, 0xffb0, 0xffa8, 0xffb9, 0xff9f,
0xff97, 0xff98, 0xff90, 0xff9a, 0xff96, 0xff99, 0xff90, 0xff9a, 0xff97, 0xff96, 0xff93, 0xff9e, 0xffa3, 0xffa1, 0xff9c, 0xffa6, 0xffa9, 0xffa4, 0xff9e, 0xffa7, 0xffab, 0xffa3, 0xffa1, 0xffa7, 0xffa9, 0xff9f, 0xff9d, 0xffa2, 0xffa6, 0xffa1, 0xffa1, 0xffa2,
0xffa5, 0xffa5, 0xffaa, 0xff9c, 0xffa5, 0xffa2, 0xffa7, 0xff9b, 0xffa4, 0xffa0, 0xffad, 0xffa1, 0xffb1, 0xffac, 0xffb5, 0xffa5, 0xffb7, 0xffb4, 0xffbb, 0xffa8, 0xffb7, 0xffae, 0xffbd, 0xffa8, 0xffb3, 0xffac, 0xffb5, 0xffa0, 0xffad, 0xffaa, 0xffb7, 0xff9e,
0xff97, 0xff96, 0xff8d, 0xff99, 0xff96, 0xff95, 0xff8b, 0xff99, 0xff98, 0xff95, 0xff92, 0xff9f, 0xffa3, 0xffa1, 0xff9c, 0xffab, 0xffb6, 0xffb2, 0xffa7, 0xffae, 0xffaa, 0xffa5, 0xffa3, 0xffab, 0xffab, 0xffa2, 0xff9e, 0xffa3, 0xffa3, 0xffa0, 0xffa1, 0xffa0,
0xff9e, 0xffa4, 0xffa8, 0xff9c, 0xffa2, 0xffa4, 0xffa8, 0xff98, 0xffa0, 0xffa3, 0xffab, 0xff9d, 0xffaa, 0xffaa, 0xffbd, 0xffbc, 0xffd1, 0xffcd, 0xffd1, 0xffc1, 0xffbc, 0xffaf, 0xffc2, 0xffb0, 0xffb9, 0xffb1, 0xffba, 0xffa1, 0xffaf, 0xffaa, 0xffbb, 0xffa3,
0xff8f, 0xff94, 0xff88, 0xff98, 0xff94, 0xff94, 0xff8a, 0xff95, 0xff93, 0xff94, 0xff8b, 0xff97, 0xff9a, 0xff99, 0xff98, 0xffa9, 0xffbc, 0xffbd, 0xffb7, 0xffc3, 0xffb4, 0xffa8, 0xffa7, 0xffaf, 0xffaf, 0xffa9, 0xffa0, 0xffa1, 0xffa2, 0xff9d, 0xffa3, 0xffa3,
0xff9b, 0xffa5, 0xffa8, 0xff9a, 0xff9c, 0xffa3, 0xffa7, 0xff98, 0xffa2, 0xffa2, 0xffa7, 0xff99, 0xffa2, 0xffa2, 0xffa9, 0xff9a, 0xffaf, 0xffb0, 0xffc4, 0xffb5, 0xffbc, 0xffb3, 0xffb8, 0xffa4, 0xffba, 0xffb1, 0xffb4, 0xff9f, 0xffad, 0xffa9, 0xffb8, 0xff9f,
0xff8c, 0xff92, 0xff86, 0xff93, 0xff8d, 0xff91, 0xff86, 0xff92, 0xff92, 0xff92, 0xff89, 0xff92, 0xff95, 0xff94, 0xff8a, 0xff97, 0xffa0, 0xff99, 0xff98, 0xffa2, 0xffaa, 0xffa4, 0xff9b, 0xffa1, 0xffae, 0xffa6, 0xff99, 0xff9f, 0xffa6, 0xffa1, 0xff9c, 0xff9d,
0xff9e, 0xffa8, 0xffa5, 0xff9c, 0xffa3, 0xffa5, 0xffa5, 0xff9a, 0xffa3, 0xffa2, 0xffa8, 0xff9d, 0xffaa, 0xffa9, 0xffad, 0xffa1, 0xffb8, 0xffb0, 0xffb2, 0xffa2, 0xffb4, 0xffaf, 0xffb7, 0xffa5, 0xffb0, 0xffae, 0xffb1, 0xff9f, 0xffac, 0xffac, 0xffb2, 0xffa0,
0xff83, 0xff8b, 0xff7d, 0xff8c, 0xff8b, 0xff8a, 0xff7b, 0xff8c, 0xff89, 0xff88, 0xff82, 0xff8d, 0xff90, 0xff8e, 0xff86, 0xff92, 0xff9c, 0xff98, 0xff8b, 0xff98, 0xff9c, 0xff95, 0xff8d, 0xff99, 0xff9c, 0xff97, 0xff8e, 0xff94, 0xff98, 0xff99, 0xff94, 0xff95,
0x4a57, 0x194f, 0x7fff, 0x194f, 0x7fff, 0x194f, 0x7fff, 0x194f, 0xffc7, 0xce20, 0x16e9, 0xd83b, 0x1, 0x10, 0x7, 0xfff9, 0x177a, 0x3e7, 0x25f, 0x7fff, 0x177a, 0x3e6, 0x25f, 0x7fff, 0x1, 0x1, 0x1, 0x1, 0x1, 0x1, 0x1, 0x1,
0x653, 0x7fff, 0x194f, 0x7fff, 0x194f, 0x7fff, 0x194f, 0x7fff, 0xffca, 0xf5d3, 0xcf29, 0xd865, 0xe, 0x5, 0xfff9, 0xfffd, 0xe9, 0x46, 0x2701, 0x44, 0xe9, 0x46, 0x2701, 0x44, 0x1, 0x1, 0x1, 0x1, 0x1, 0x1, 0x1, 0x1]
New data for subpage #1: 0x0009?
[0xffd0, 0xffd3, 0xffdd, 0xffce, 0xffd1, 0xffd4, 0xffdd, 0xffcc, 0xffd3, 0xffd2, 0xffde, 0xffca, 0xffd4, 0xffd5, 0xffe6, 0xffd0, 0xffbb, 0xffb0, 0xffbb, 0xffae, 0xffb5, 0xffad, 0xffbb, 0xffa6, 0xffb7, 0xffaf, 0xffc0, 0xffa9, 0xffb7, 0xffb1, 0xffc2, 0xffa6,
0xffcc, 0xffca, 0xffc7, 0xffd2, 0xffcb, 0xffca, 0xffc6, 0xffd2, 0xffcc, 0xffcb, 0xffc7, 0xffd1, 0xffcf, 0xffcd, 0xffd2, 0xffd5, 0xffb5, 0xffa9, 0xffa6, 0xffb2, 0xffaf, 0xffa6, 0xffa5, 0xffad, 0xffb3, 0xffa8, 0xffaa, 0xffb1, 0xffb1, 0xffaa, 0xffae, 0xffad,
0xffd2, 0xffd5, 0xffde, 0xffcf, 0xffd4, 0xffd4, 0xffdf, 0xffcd, 0xffd6, 0xffd4, 0xffe0, 0xffce, 0xffd5, 0xffd7, 0xffeb, 0xffd2, 0xffb7, 0xffae, 0xffb8, 0xffa8, 0xffb3, 0xffac, 0xffb8, 0xffa6, 0xffb4, 0xffad, 0xffbd, 0xffa8, 0xffb7, 0xffaf, 0xffc4, 0xffa4,
0xffd0, 0xffcc, 0xffc8, 0xffd5, 0xffd0, 0xffcc, 0xffc8, 0xffd4, 0xffd1, 0xffcd, 0xffc8, 0xffd5, 0xffd1, 0xffd1, 0xffd5, 0xffd6, 0xffb2, 0xffa8, 0xffa0, 0xffad, 0xffae, 0xffa4, 0xffa2, 0xffad, 0xffaf, 0xffa6, 0xffa9, 0xffae, 0xffb3, 0xffa8, 0xffab, 0xffad,
0xffd9, 0xffd8, 0xffe1, 0xffd3, 0xffdb, 0xffd9, 0xffe4, 0xffd2, 0xffd9, 0xffd8, 0xffe4, 0xffd0, 0xffda, 0xffdb, 0xffed, 0xffd2, 0xffb9, 0xffb0, 0xffba, 0xffa5, 0xffb1, 0xffab, 0xffba, 0xffa6, 0xffb3, 0xffac, 0xffbd, 0xffa7, 0xffb5, 0xffac, 0xffc3, 0xffa5,
0xffd3, 0xffd1, 0xffca, 0xffd9, 0xffd4, 0xffd4, 0xffcc, 0xffd7, 0xffd7, 0xffd2, 0xffce, 0xffd9, 0xffda, 0xffd6, 0xffd7, 0xffd8, 0xffb4, 0xffa7, 0xffa4, 0xffaa, 0xffaa, 0xffa5, 0xffa4, 0xffab, 0xffad, 0xffa8, 0xffa7, 0xffad, 0xffae, 0xffa6, 0xffad, 0xffaa,
0xffd7, 0xffd9, 0xffe7, 0xd929, 0xffdd, 0xffdf, 0xffea, 0xffd8, 0xffdf, 0xffdc, 0xffea, 0xffd7, 0xffe5, 0xffe5, 0xfff0, 0xffd1, 0xffb5, 0xffad, 0xffb9, 0xffa5, 0xffb1, 0xffab, 0xffb9, 0xffa2, 0xffb4, 0xffa9, 0xffbd, 0xffa4, 0xffb4, 0xffae, 0xffc1, 0xffa2,
0xffd1, 0xffd3, 0xffc1, 0xffdd, 0xffd9, 0xffda, 0xffd6, 0xffe0, 0xffde, 0xffdd, 0xffd9, 0xffe5, 0xffe4, 0xffe1, 0xffd9, 0xffd6, 0xffae, 0xffa5, 0xffa2, 0xffab, 0xffab, 0xffa3, 0xffa1, 0xffa9, 0xffad, 0xffa4, 0xffa6, 0xffa9, 0xffb0, 0xffa6, 0xffab, 0xffa9,
0xffe1, 0xffe5, 0xfff2, 0xffe3, 0xffee, 0xfff0, 0xfffa, 0xffe9, 0xfff2, 0xfff1, 0xfffa, 0xffe8, 0xffee, 0xffec, 0xffee, 0xffca, 0xffb7, 0xffae, 0xffb9, 0xffa6, 0xffb2, 0xffac, 0xffb7, 0xffa5, 0xffb4, 0xffac, 0xffba, 0xffa6, 0xffb3, 0xffad, 0xffc1, 0xffa4,
0xffdb, 0xffd9, 0xffd7, 0xffe5, 0xffe7, 0xffe7, 0xffe2, 0xffed, 0xffea, 0xffe7, 0xffdc, 0xffe5, 0xffe1, 0xffdd, 0xffd0, 0xffcc, 0xffae, 0xffa4, 0xffa2, 0xffa9, 0xffac, 0xffa6, 0xffa1, 0xffab, 0xffae, 0xffa2, 0xffa3, 0xffab, 0xffac, 0xffa2, 0xffa8, 0xffa9,
0xffbf, 0xffb9, 0xffb9, 0xffad, 0xffc6, 0xffd3, 0xffe2, 0xffd0, 0xffd2, 0xffcd, 0xffd3, 0xffc4, 0xffc7, 0xffc4, 0xffca, 0xffb2, 0xffb4, 0xffac, 0xffb9, 0xffa9, 0xffb4, 0xffac, 0xffbb, 0xffa5, 0xffb5, 0xffaa, 0xffba, 0xffa4, 0xffaf, 0xffaa, 0xffbf, 0xffa3,
0xffa2, 0xffa3, 0xff96, 0xffa6, 0xffab, 0xffab, 0xffaf, 0xffb8, 0xffae, 0xffad, 0xffa5, 0xffb0, 0xffad, 0xffa9, 0xffa4, 0xffad, 0xffab, 0xffa4, 0xffa1, 0xffac, 0xffac, 0xffa6, 0xffa2, 0xffa9, 0xffaf, 0xff9f, 0xffa3, 0xffa6, 0xffa9, 0xffa2, 0xffa6, 0xffa7,
0xffa3, 0xffa7, 0xffad, 0xff9e, 0xffa5, 0xffac, 0xffb4, 0xffa4, 0xffa9, 0xffa8, 0xffb5, 0xffa4, 0xffae, 0xffab, 0xffb6, 0xffa6, 0xffaf, 0xffad, 0xffb9, 0xffa5, 0xffb1, 0xffae, 0xffb9, 0xffa6, 0xffb3, 0xffac, 0xffb9, 0xffa2, 0xffb1, 0xffab, 0xffba, 0xffa1,
0xff9b, 0xff98, 0xff91, 0xff9d, 0xff9c, 0xff9a, 0xff96, 0xffa4, 0xff9a, 0xff9b, 0xff97, 0xffa4, 0xffa5, 0xffa1, 0xff9d, 0xffaa, 0xffa8, 0xffa3, 0xffa0, 0xffa8, 0xffab, 0xffa3, 0xffa1, 0xffa8, 0xffab, 0xffa3, 0xff9f, 0xffa4, 0xffa6, 0xffa0, 0xffa1, 0xffa4,
0xffa0, 0xffa6, 0xffad, 0xff9c, 0xffa2, 0xffa7, 0xffad, 0xff9e, 0xffa1, 0xffa4, 0xffad, 0xffa0, 0xffab, 0xffad, 0xffb8, 0xffa6, 0xffb1, 0xffae, 0xffb9, 0xffa5, 0xffb2, 0xffae, 0xffbc, 0xffa8, 0xffb0, 0xffab, 0xffb5, 0xffa0, 0xffae, 0xffa8, 0xffba, 0xff9e,
0xff95, 0xff97, 0xff8e, 0xff9a, 0xff97, 0xff97, 0xff8e, 0xff9b, 0xff97, 0xff96, 0xff92, 0xffa2, 0xffa4, 0xffa2, 0xff9b, 0xffa9, 0xffa9, 0xffa4, 0xffa0, 0xffaa, 0xffab, 0xffa2, 0xffa1, 0xffa9, 0xffa8, 0xff9e, 0xff9d, 0xffa4, 0xffa7, 0xffa0, 0xff9f, 0xffa2,
0xffa5, 0xffa5, 0xffaa, 0xffa0, 0xffa3, 0xffa5, 0xffa7, 0xff9d, 0xffa3, 0xffa2, 0xffab, 0xffa4, 0xffaf, 0xffae, 0xffb5, 0xffa7, 0xffb4, 0xffb3, 0xffbb, 0xffaa, 0xffb4, 0xffb1, 0xffbc, 0xffaa, 0xffb2, 0xffab, 0xffb5, 0xffa2, 0xffac, 0xffa8, 0xffb9, 0xffa3,
0xff96, 0xff95, 0xff8d, 0xff9c, 0xff96, 0xff95, 0xff8b, 0xff99, 0xff97, 0xff94, 0xff91, 0xffa2, 0xffa5, 0xff9f, 0xff9e, 0xffac, 0xffb5, 0xffb0, 0xffa5, 0xffb0, 0xffac, 0xffa2, 0xffa3, 0xffae, 0xffa9, 0xffa0, 0xff9e, 0xffa5, 0xffa5, 0xff9e, 0xffa1, 0xffa3,
0xff9c, 0xffa7, 0xffa7, 0xff9d, 0xffa0, 0xffa3, 0xffa7, 0xff9a, 0xffa0, 0xffa5, 0xffac, 0xffa1, 0xffaa, 0xffab, 0xffbd, 0xffbd, 0xffd1, 0xffce, 0xffd1, 0xffc2, 0xffbb, 0xffb1, 0xffc4, 0xffb0, 0xffb5, 0xffb1, 0xffbb, 0xffa1, 0xffac, 0xffa9, 0xffbe, 0xffa5,
0xff8f, 0xff92, 0xff87, 0xff98, 0xff95, 0xff93, 0xff89, 0xff96, 0xff93, 0xff94, 0xff89, 0xff9a, 0xff99, 0xff97, 0xff99, 0xffab, 0xffbc, 0xffbc, 0xffb4, 0xffc4, 0xffb4, 0xffa6, 0xffa6, 0xffb0, 0xffb0, 0xffa8, 0xffa0, 0xffa2, 0xffa4, 0xff9d, 0xffa1, 0xffa5,
0xff9a, 0xffa6, 0xffa7, 0xff9b, 0xff9c, 0xffa3, 0xffa6, 0xff9b, 0xffa0, 0xffa4, 0xffa7, 0xff99, 0xff9f, 0xffa2, 0xffa8, 0xff9c, 0xffaf, 0xffb0, 0xffc4, 0xffb6, 0xffbb, 0xffb4, 0xffb6, 0xffa6, 0xffb7, 0xffb3, 0xffb5, 0xffa1, 0xffaa, 0xffaa, 0xffb7, 0xffa0,
0xff8b, 0xff91, 0xff87, 0xff96, 0xff8f, 0xff90, 0xff86, 0xff96, 0xff92, 0xff92, 0xff88, 0xff96, 0xff95, 0xff93, 0xff8b, 0xff9a, 0xffa0, 0xff9a, 0xff98, 0xffa6, 0xffa8, 0xffa2, 0xff99, 0xffa4, 0xffae, 0xffa4, 0xff99, 0xffa1, 0xffa6, 0xff9d, 0xff9c, 0xffa1,
0xff9e, 0xffa8, 0xffa7, 0xff9d, 0xffa0, 0xffa6, 0xffa5, 0xff9a, 0xffa1, 0xffa2, 0xffa9, 0xff9f, 0xffa8, 0xffab, 0xffac, 0xffa4, 0xffb5, 0xffb1, 0xffb3, 0xffa6, 0xffb0, 0xffb1, 0xffb6, 0xffa7, 0xffb0, 0xffaf, 0xffb1, 0xffa3, 0xffa8, 0xffac, 0xffb1, 0xffa1,
0xff83, 0xff89, 0xff7d, 0xff8e, 0xff89, 0xff89, 0xff7b, 0xff8f, 0xff8a, 0xff87, 0xff84, 0xff90, 0xff91, 0xff8e, 0xff86, 0xff93, 0xff9d, 0xff97, 0xff8b, 0xff99, 0xff99, 0xff94, 0xff8e, 0xff9a, 0xff9b, 0xff94, 0xff8f, 0xff96, 0xff99, 0xff94, 0xff94, 0xff99,
0x4a57, 0x1950, 0x7fff, 0x1950, 0x7fff, 0x194e, 0x7fff, 0x194e, 0xffc6, 0xce20, 0x16eb, 0xd83c, 0xffff, 0x10, 0x5, 0xfff9, 0x177a, 0x3ea, 0x25f, 0x7fff, 0x177a, 0x3ea, 0x25f, 0x7fff, 0x1, 0x1, 0x1, 0x1, 0x1, 0x1, 0x1, 0x1,
0x654, 0x7fff, 0x1950, 0x7fff, 0x1950, 0x7fff, 0x194e, 0x7fff, 0xffcb, 0xf5d2, 0xcf2a, 0xd866, 0xe, 0x4, 0xfff7, 0xffff, 0xeb, 0x46, 0x26fe, 0x44, 0xec, 0x46, 0x26fe, 0x44, 0x1, 0x1, 0x1, 0x1, 0x1, 0x1, 0x1, 0x1]
New data for subpage #1: 0x0009?
[0xffd3, 0xffd8, 0xffdd, 0xffca, 0xffd3, 0xffd7, 0xffdb, 0xffc9, 0xffd5, 0xffd5, 0xffdd, 0xffc8, 0xffd5, 0xffd5, 0xffe6, 0xffce, 0xffbd, 0xffb3, 0xffbb, 0xffa9, 0xffb5, 0xffb2, 0xffb9, 0xffa6, 0xffb8, 0xffb0, 0xffbc, 0xffa7, 0xffb9, 0xffb4, 0xffc2, 0xffa4,
0xffd0, 0xffce, 0xffc4, 0xffce, 0xffcf, 0xffcc, 0xffc4, 0xffce, 0xffd0, 0xffcc, 0xffc5, 0xffcd, 0xffd0, 0xffd0, 0xffcf, 0xffd2, 0xffb8, 0xffab, 0xffa3, 0xffae, 0xffb3, 0xffa8, 0xffa3, 0xffaa, 0xffb6, 0xffaa, 0xffa6, 0xffae, 0xffb4, 0xffab, 0xffac, 0xffac,
0xffd6, 0xffd7, 0xffdc, 0xffce, 0xffd6, 0xffd8, 0xffdb, 0xffcb, 0xffd8, 0xffd7, 0xffdc, 0xffcb, 0xffd7, 0xffd9, 0xffe9, 0xffcf, 0xffb9, 0xffb1, 0xffb5, 0xffa9, 0xffb2, 0xffb0, 0xffb7, 0xffa3, 0xffb5, 0xffb0, 0xffba, 0xffa5, 0xffb8, 0xffb0, 0xffc0, 0xffa3,
0xffd1, 0xffce, 0xffc6, 0xffd4, 0xffd3, 0xffcf, 0xffc6, 0xffd3, 0xffd3, 0xffcf, 0xffc7, 0xffd2, 0xffd4, 0xffd4, 0xffd3, 0xffd4, 0xffb5, 0xffaa, 0xffa0, 0xffac, 0xffb2, 0xffa9, 0xffa0, 0xffaa, 0xffb4, 0xffa8, 0xffa4, 0xffab, 0xffb6, 0xffa9, 0xffaa, 0xffaa,
0xffdc, 0xffdb, 0xffde, 0xffd0, 0xffdb, 0xffdc, 0xffe1, 0xffcf, 0xffdc, 0xffdb, 0xffdf, 0xffd0, 0xffdf, 0xffde, 0xffeb, 0xffd0, 0xffba, 0xffb3, 0xffb7, 0xffa2, 0xffb3, 0xffb0, 0xffb8, 0xffa2, 0xffb3, 0xffb0, 0xffbb, 0xffa4, 0xffb5, 0xffaf, 0xffc1, 0xffa6,
0xffd6, 0xffd2, 0xffc9, 0xffd3, 0xffd8, 0xffd3, 0xffcc, 0xffd6, 0xffd9, 0xffd3, 0xffca, 0xffd7, 0xffdc, 0xffd7, 0xffd7, 0xffd4, 0xffb6, 0xffa8, 0xffa3, 0xffa8, 0xffb0, 0xffa6, 0xffa1, 0xffa9, 0xffb0, 0xffa8, 0xffa6, 0xffaa, 0xffb2, 0xffa8, 0xffaa, 0xffaa,
0xffda, 0xffdb, 0xffe3, 0xd91c, 0xffdf, 0xffe2, 0xffe9, 0xffd7, 0xffe2, 0xffe1, 0xffe6, 0xffd7, 0xffe5, 0xffe9, 0xffee, 0xffcf, 0xffb6, 0xffb0, 0xffb6, 0xffa4, 0xffb3, 0xffae, 0xffb6, 0xffa0, 0xffb5, 0xffac, 0xffbb, 0xffa4, 0xffb6, 0xffb0, 0xffc0, 0xffa0,
0xffd4, 0xffd4, 0xffbe, 0xffdb, 0xffdc, 0xffdb, 0xffd4, 0xffdf, 0xffe1, 0xffdd, 0xffd7, 0xffe2, 0xffe6, 0xffe4, 0xffda, 0xffd3, 0xffb1, 0xffa6, 0xffa0, 0xffa7, 0xffae, 0xffa5, 0xff9e, 0xffa8, 0xffb1, 0xffa5, 0xffa4, 0xffa9, 0xffb3, 0xffa7, 0xffa9, 0xffa8,
0xffe1, 0xffe5, 0xffee, 0xffe2, 0xfff0, 0xfff4, 0xfff8, 0xffe7, 0xfff4, 0xfff4, 0xfff6, 0xffe4, 0xfff0, 0xffef, 0xffeb, 0xffcb, 0xffb7, 0xffaf, 0xffb7, 0xffa2, 0xffb2, 0xffb0, 0xffb7, 0xffa4, 0xffb6, 0xffad, 0xffb8, 0xffa3, 0xffb4, 0xffb0, 0xffbc, 0xffa3,
0xffdd, 0xffdd, 0xffd7, 0xffe3, 0xffeb, 0xffe8, 0xffdf, 0xffea, 0xffed, 0xffe8, 0xffda, 0xffe5, 0xffe5, 0xffdf, 0xffcd, 0xffc9, 0xffb3, 0xffa4, 0xffa0, 0xffa8, 0xffaf, 0xffa5, 0xff9f, 0xffa9, 0xffb2, 0xffa3, 0xffa1, 0xffa8, 0xffaf, 0xffa5, 0xffa7, 0xffa8,
0xffc0, 0xffbb, 0xffb6, 0xffa9, 0xffc8, 0xffd4, 0xffdf, 0xffcc, 0xffd4, 0xffcf, 0xffd2, 0xffc1, 0xffc9, 0xffc8, 0xffc8, 0xffaf, 0xffb5, 0xffae, 0xffb6, 0xffa6, 0xffb6, 0xffb1, 0xffb7, 0xffa4, 0xffb5, 0xffaf, 0xffb7, 0xffa1, 0xffb2, 0xffad, 0xffbb, 0xffa0,
0xffa4, 0xffa2, 0xff96, 0xffa4, 0xffae, 0xffab, 0xffac, 0xffb4, 0xffb3, 0xffad, 0xffa5, 0xffae, 0xffaf, 0xffac, 0xffa3, 0xffaa, 0xffae, 0xffa3, 0xff9f, 0xffa9, 0xffb2, 0xffa8, 0xffa0, 0xffa8, 0xffb0, 0xffa3, 0xffa1, 0xffa5, 0xffad, 0xffa4, 0xffa4, 0xffa3,
0xffa7, 0xffab, 0xffa9, 0xff9b, 0xffa6, 0xffae, 0xffb1, 0xffa1, 0xffa7, 0xffad, 0xffb4, 0xffa1, 0xffae, 0xffb0, 0xffb3, 0xffa2, 0xffb1, 0xffb0, 0xffb8, 0xffa5, 0xffb5, 0xffb1, 0xffb7, 0xffa3, 0xffb3, 0xffad, 0xffb5, 0xffa0, 0xffb2, 0xffac, 0xffb9, 0xff9d,
0xff9e, 0xff9a, 0xff91, 0xff9c, 0xff9f, 0xff9e, 0xff93, 0xffa1, 0xff9e, 0xff9c, 0xff97, 0xffa3, 0xffa9, 0xffa4, 0xff9a, 0xffa6, 0xffab, 0xffa5, 0xff9e, 0xffa5, 0xffae, 0xffa4, 0xff9e, 0xffa6, 0xffae, 0xffa6, 0xff9d, 0xffa5, 0xffaa, 0xffa2, 0xffa0, 0xffa1,
0xffa3, 0xffa9, 0xffab, 0xff99, 0xffa3, 0xffa9, 0xffaa, 0xff99, 0xffa2, 0xffa5, 0xffac, 0xff9f, 0xffaf, 0xffb2, 0xffb4, 0xffa4, 0xffb3, 0xffb1, 0xffb6, 0xffa4, 0xffb3, 0xffb2, 0xffb9, 0xffa6, 0xffb1, 0xffac, 0xffb3, 0xff9f, 0xffb1, 0xffae, 0xffb6, 0xff9d,
0xff99, 0xff98, 0xff8b, 0xff98, 0xff9a, 0xff96, 0xff8d, 0xff9b, 0xff99, 0xff96, 0xff91, 0xffa1, 0xffa8, 0xffa3, 0xff9a, 0xffa6, 0xffab, 0xffa4, 0xff9e, 0xffa6, 0xffac, 0xffa3, 0xff9f, 0xffa8, 0xffab, 0xffa0, 0xff9c, 0xffa2, 0xffab, 0xff9f, 0xff9f, 0xffa1,
0xffa5, 0xffaa, 0xffa7, 0xff9c, 0xffa3, 0xffa7, 0xffa6, 0xff99, 0xffa5, 0xffa4, 0xffaa, 0xffa2, 0xffb0, 0xffb2, 0xffb4, 0xffa5, 0xffb7, 0xffb6, 0xffb9, 0xffa8, 0xffb6, 0xffb3, 0xffb9, 0xffa8, 0xffb3, 0xffae, 0xffb2, 0xffa2, 0xffad, 0xffac, 0xffb5, 0xff9f,
0xff9a, 0xff97, 0xff8b, 0xff99, 0xff99, 0xff97, 0xff89, 0xff97, 0xff9b, 0xff94, 0xff8e, 0xff9e, 0xffa7, 0xffa1, 0xff9b, 0xffac, 0xffba, 0xffb3, 0xffa4, 0xffaf, 0xffae, 0xffa4, 0xffa0, 0xffaa, 0xffad, 0xffa3, 0xff9e, 0xffa2, 0xffa9, 0xffa1, 0xff9f, 0xffa1,
0xff9e, 0xffa8, 0xffa5, 0xff99, 0xffa1, 0xffa8, 0xffa6, 0xff98, 0xffa2, 0xffa8, 0xffab, 0xff9d, 0xffa9, 0xffad, 0xffbc, 0xffba, 0xffd1, 0xffd2, 0xffcd, 0xffbd, 0xffbc, 0xffb3, 0xffc0, 0xffad, 0xffb6, 0xffb4, 0xffb9, 0xffa1, 0xffaf, 0xffad, 0xffbb, 0xffa2,
0xff92, 0xff94, 0xff87, 0xff97, 0xff98, 0xff95, 0xff88, 0xff97, 0xff95, 0xff95, 0xff89, 0xff99, 0xff9a, 0xff98, 0xff96, 0xffa9, 0xffbf, 0xffbd, 0xffb4, 0xffc2, 0xffb7, 0xffa7, 0xffa6, 0xffae, 0xffb3, 0xffaa, 0xff9f, 0xffa2, 0xffa7, 0xff9e, 0xffa1, 0xffa4,
0xff9a, 0xffa7, 0xffa3, 0xff98, 0xff9c, 0xffa6, 0xffa5, 0xff98, 0xffa0, 0xffa4, 0xffa6, 0xff97, 0xffa2, 0xffa7, 0xffa6, 0xff98, 0xffae, 0xffb3, 0xffc0, 0xffb5, 0xffbc, 0xffb7, 0xffb5, 0xffa4, 0xffb9, 0xffb6, 0xffb2, 0xff9e, 0xffab, 0xffae, 0xffb5, 0xff9d,
0xff8e, 0xff91, 0xff84, 0xff94, 0xff91, 0xff92, 0xff85, 0xff94, 0xff95, 0xff92, 0xff86, 0xff94, 0xff97, 0xff95, 0xff8a, 0xff97, 0xffa2, 0xff9b, 0xff94, 0xffa2, 0xffad, 0xffa3, 0xff98, 0xffa2, 0xffb1, 0xffa7, 0xff97, 0xff9f, 0xffa8, 0xff9e, 0xff9b, 0xff9d,
0xff9d, 0xffaa, 0xffa4, 0xff9a, 0xffa2, 0xffa8, 0xffa3, 0xff99, 0xffa2, 0xffa7, 0xffa7, 0xff9e, 0xffa9, 0xffaf, 0xffab, 0xffa0, 0xffb5, 0xffb5, 0xffb0, 0xffa5, 0xffb2, 0xffb2, 0xffb5, 0xffa5, 0xffb0, 0xffb2, 0xffae, 0xff9f, 0xffad, 0xffb0, 0xffb0, 0xff9f,
0xff85, 0xff89, 0xff7a, 0xff8d, 0xff8c, 0xff8a, 0xff79, 0xff8d, 0xff8d, 0xff87, 0xff80, 0xff8f, 0xff93, 0xff8f, 0xff83, 0xff92, 0xff9f, 0xff97, 0xff8b, 0xff97, 0xff9d, 0xff95, 0xff8d, 0xff99, 0xff9e, 0xff95, 0xff8d, 0xff94, 0xff9d, 0xff96, 0xff93, 0xff97,
0x4a57, 0x1953, 0x7fff, 0x1953, 0x7fff, 0x1952, 0x7fff, 0x1952, 0xffc5, 0xce23, 0x16e9, 0xd83b, 0x0, 0x11, 0x3, 0xfff6, 0x177b, 0x3e9, 0x25f, 0x7fff, 0x177b, 0x3e9, 0x25f, 0x7fff, 0x1, 0x1, 0x1, 0x1, 0x1, 0x1, 0x1, 0x1,
0x654, 0x7fff, 0x1953, 0x7fff, 0x1953, 0x7fff, 0x1952, 0x7fff, 0xffcc, 0xf5d2, 0xcf29, 0xd864, 0xe, 0x4, 0xfff6, 0xfffe, 0xed, 0x46, 0x2700, 0x43, 0xed, 0x46, 0x2700, 0x43, 0x1, 0x1, 0x1, 0x1, 0x1, 0x1, 0x1, 0x1]
New data for subpage #0: 0x0008?
[0xffd1, 0xffd5, 0xffdc, 0xffce, 0xffd0, 0xffd4, 0xffdc, 0xffd0, 0xffd3, 0xffd2, 0xffde, 0xffcd, 0xffd1, 0xffd4, 0xffe5, 0xffd2, 0xffba, 0xffb1, 0xffbb, 0xffad, 0xffb2, 0xffad, 0xffbb, 0xffa9, 0xffb7, 0xffaf, 0xffbd, 0xffac, 0xffb4, 0xffb0, 0xffc2, 0xffaa,
0xffce, 0xffcb, 0xffc9, 0xffcf, 0xffd0, 0xffca, 0xffc9, 0xffd1, 0xffcf, 0xffca, 0xffca, 0xffd0, 0xffd1, 0xffcb, 0xffd4, 0xffd2, 0xffb6, 0xffaa, 0xffa6, 0xffae, 0xffb0, 0xffa5, 0xffa6, 0xffa9, 0xffb6, 0xffa8, 0xffac, 0xffae, 0xffb4, 0xffaa, 0xffb2, 0xffab,
0xffd2, 0xffd6, 0xffde, 0xffd2, 0xffd4, 0xffd6, 0xffde, 0xffd0, 0xffd4, 0xffd5, 0xffdf, 0xffcf, 0xffd5, 0xffd7, 0xffe8, 0xffd4, 0xffb5, 0xffb0, 0xffb9, 0xffab, 0xffb3, 0xffac, 0xffb9, 0xffa7, 0xffb4, 0xffae, 0xffbb, 0xffa9, 0xffb7, 0xffaf, 0xffc2, 0xffa8,
0xffd1, 0xffcc, 0xffca, 0xffd3, 0xffd3, 0xffcd, 0xffca, 0xffd2, 0xffd3, 0xffcc, 0xffcc, 0xffd1, 0xffd2, 0xffd1, 0xffd6, 0xffd3, 0xffb4, 0xffa7, 0xffa4, 0xffaa, 0xffb1, 0xffa5, 0xffa7, 0xffab, 0xffb3, 0xffa5, 0xffac, 0xffab, 0xffb5, 0xffa6, 0xffaf, 0xffa8,
0xffd9, 0xffda, 0xffdf, 0xffd6, 0xffda, 0xffd8, 0xffe1, 0xffd6, 0xffda, 0xffda, 0xffe0, 0xffd3, 0xffda, 0xffdc, 0xffeb, 0xffd5, 0xffb9, 0xffae, 0xffb8, 0xffa7, 0xffb0, 0xffad, 0xffb8, 0xffa8, 0xffb0, 0xffac, 0xffb9, 0xffaa, 0xffb2, 0xffad, 0xffc1, 0xffa9,
0xffd6, 0xffd0, 0xffcc, 0xffd6, 0xffd8, 0xffd1, 0xffd0, 0xffd6, 0xffd9, 0xffd1, 0xffce, 0xffd5, 0xffda, 0xffd5, 0xffdb, 0xffd5, 0xffb7, 0xffa5, 0xffa4, 0xffa9, 0xffaf, 0xffa6, 0xffa6, 0xffa9, 0xffb0, 0xffa5, 0xffaa, 0xffa9, 0xffb1, 0xffa6, 0xffb0, 0xffa8,
0xffd6, 0xffda, 0xffe6, 0xd909, 0xffdb, 0xffdf, 0xffe9, 0xffdb, 0xffdf, 0xffe0, 0xffea, 0xffda, 0xffe3, 0xffe5, 0xfff1, 0xffd5, 0xffb5, 0xffae, 0xffb7, 0xffa8, 0xffb0, 0xffac, 0xffb9, 0xffa5, 0xffb4, 0xffaa, 0xffbc, 0xffa8, 0xffb5, 0xffaf, 0xffc0, 0xffa6,
0xffd4, 0xffd1, 0xffc3, 0xffda, 0xffdc, 0xffd8, 0xffd7, 0xffdf, 0xffe0, 0xffdb, 0xffdc, 0xffe0, 0xffe6, 0xffe1, 0xffdf, 0xffd4, 0xffb0, 0xffa3, 0xffa4, 0xffaa, 0xffaf, 0xffa2, 0xffa5, 0xffa8, 0xffb0, 0xffa3, 0xffa9, 0xffa9, 0xffb2, 0xffa7, 0xffad, 0xffa9,
0xffde, 0xffe5, 0xfff0, 0xffe6, 0xffec, 0xfff0, 0xfff9, 0xffec, 0xffef, 0xfff1, 0xfff8, 0xffea, 0xffed, 0xffed, 0xffee, 0xffce, 0xffb5, 0xffad, 0xffb8, 0xffa6, 0xffb1, 0xffab, 0xffb9, 0xffa9, 0xffb4, 0xffad, 0xffb9, 0xffa6, 0xffb2, 0xffad, 0xffc0, 0xffa6,
0xffdd, 0xffd8, 0xffda, 0xffe4, 0xffe9, 0xffe5, 0xffe5, 0xffea, 0xffed, 0xffe5, 0xffdf, 0xffe3, 0xffe5, 0xffdb, 0xffd2, 0xffc8, 0xffb1, 0xffa1, 0xffa6, 0xffa7, 0xffb0, 0xffa3, 0xffa4, 0xffa8, 0xffb2, 0xffa0, 0xffa5, 0xffa8, 0xffad, 0xffa2, 0xffac, 0xffa7,
0xffbd, 0xffb7, 0xffb8, 0xffad, 0xffc5, 0xffd0, 0xffe1, 0xffd1, 0xffd1, 0xffd0, 0xffd3, 0xffc6, 0xffc6, 0xffc6, 0xffc9, 0xffb7, 0xffb3, 0xffad, 0xffb6, 0xffab, 0xffb3, 0xffaf, 0xffba, 0xffa8, 0xffb3, 0xffab, 0xffb9, 0xffa5, 0xffaf, 0xffac, 0xffbd, 0xffa4,
0xffa3, 0xff9f, 0xff9c, 0xffa3, 0xffae, 0xffa9, 0xffb1, 0xffb5, 0xffb1, 0xffa9, 0xffa7, 0xffae, 0xffb0, 0xffa7, 0xffa6, 0xffaa, 0xffae, 0xffa3, 0xffa3, 0xffab, 0xffb0, 0xffa5, 0xffa7, 0xffa7, 0xffb0, 0xffa0, 0xffa4, 0xffa5, 0xffaf, 0xffa1, 0xffa9, 0xffa3,
0xffa2, 0xffa9, 0xffac, 0xffa0, 0xffa6, 0xffab, 0xffb2, 0xffa7, 0xffa6, 0xffa9, 0xffb4, 0xffa5, 0xffae, 0xffae, 0xffb4, 0xffa8, 0xffae, 0xffae, 0xffb9, 0xffa8, 0xffb2, 0xffae, 0xffb9, 0xffa8, 0xffb2, 0xffac, 0xffb7, 0xffa5, 0xffaf, 0xffac, 0xffb8, 0xffa3,
0xff9d, 0xff97, 0xff93, 0xff9a, 0xff9e, 0xff9a, 0xff99, 0xffa0, 0xff9d, 0xff98, 0xff99, 0xffa4, 0xffa8, 0xffa2, 0xff9f, 0xffa6, 0xffaa, 0xffa3, 0xffa3, 0xffa7, 0xffac, 0xffa2, 0xffa2, 0xffa6, 0xffae, 0xffa3, 0xffa1, 0xffa2, 0xffaa, 0xffa0, 0xffa5, 0xffa0,
0xffa0, 0xffa8, 0xffaa, 0xff9f, 0xffa0, 0xffa6, 0xffab, 0xffa0, 0xff9e, 0xffa6, 0xffad, 0xffa4, 0xffab, 0xffab, 0xffb6, 0xffaa, 0xffb1, 0xffaf, 0xffb9, 0xffa9, 0xffb0, 0xffae, 0xffb9, 0xffab, 0xffb1, 0xffa9, 0xffb6, 0xffa3, 0xffac, 0xffac, 0xffb8, 0xffa1,
0xff98, 0xff94, 0xff92, 0xff98, 0xff98, 0xff96, 0xff91, 0xff99, 0xff9a, 0xff94, 0xff94, 0xff9e, 0xffa7, 0xff9e, 0xffa0, 0xffa4, 0xffac, 0xffa3, 0xffa2, 0xffa6, 0xffaf, 0xffa0, 0xffa4, 0xffa7, 0xffac, 0xffa0, 0xffa0, 0xffa2, 0xffaa, 0xff9e, 0xffa3, 0xffa2,
0xffa4, 0xffa8, 0xffa9, 0xffa1, 0xffa1, 0xffa5, 0xffa6, 0xff9e, 0xffa1, 0xffa2, 0xffab, 0xffa4, 0xffaf, 0xffad, 0xffb5, 0xffa9, 0xffb5, 0xffb6, 0xffb9, 0xffaa, 0xffb5, 0xffb0, 0xffbb, 0xffaa, 0xffb1, 0xffac, 0xffb2, 0xffa6, 0xffaa, 0xffab, 0xffb5, 0xffa3,
0xff99, 0xff94, 0xff8f, 0xff99, 0xff98, 0xff93, 0xff8e, 0xff96, 0xff9d, 0xff93, 0xff92, 0xff9e, 0xffa8, 0xff9e, 0xff9f, 0xffa9, 0xffb9, 0xffb1, 0xffa9, 0xffac, 0xffae, 0xffa1, 0xffa5, 0xffaa, 0xffab, 0xffa0, 0xffa0, 0xffa3, 0xffa7, 0xff9d, 0xffa6, 0xffa1,
0xff9b, 0xffa7, 0xffa6, 0xff9e, 0xff9e, 0xffa6, 0xffa7, 0xff9d, 0xff9f, 0xffa6, 0xffab, 0xffa2, 0xffa9, 0xffac, 0xffbe, 0xffbf, 0xffd0, 0xffce, 0xffcf, 0xffc3, 0xffb9, 0xffb1, 0xffc1, 0xffb4, 0xffb6, 0xffb2, 0xffba, 0xffa4, 0xffa8, 0xffaa, 0xffbc, 0xffa9,
0xff91, 0xff92, 0xff8a, 0xff96, 0xff97, 0xff92, 0xff8d, 0xff95, 0xff96, 0xff93, 0xff8c, 0xff98, 0xff9b, 0xff97, 0xff9a, 0xffa8, 0xffbe, 0xffb9, 0xffba, 0xffc0, 0xffb5, 0xffa5, 0xffab, 0xffb0, 0xffb3, 0xffa6, 0xffa3, 0xffa1, 0xffa5, 0xff9b, 0xffa4, 0xffa3,
0xff98, 0xffa6, 0xffa5, 0xff9e, 0xff9a, 0xffa6, 0xffa6, 0xff9e, 0xff9e, 0xffa3, 0xffa6, 0xff9c, 0xff9e, 0xffa7, 0xffa9, 0xff9f, 0xffac, 0xffaf, 0xffc3, 0xffb9, 0xffba, 0xffb5, 0xffb7, 0xffa9, 0xffb8, 0xffb5, 0xffb2, 0xffa3, 0xffab, 0xffac, 0xffb6, 0xffa3,
0xff8d, 0xff8e, 0xff8a, 0xff93, 0xff90, 0xff90, 0xff89, 0xff92, 0xff94, 0xff90, 0xff8a, 0xff94, 0xff98, 0xff92, 0xff90, 0xff98, 0xffa3, 0xff99, 0xff9b, 0xffa2, 0xffad, 0xffa2, 0xff9c, 0xffa2, 0xffb1, 0xffa3, 0xff9b, 0xff9e, 0xffa7, 0xff9d, 0xff9f, 0xff9d,
0xff9b, 0xffa9, 0xffa7, 0xffa2, 0xff9f, 0xffa9, 0xffa4, 0xff9f, 0xffa0, 0xffa4, 0xffa8, 0xffa1, 0xffa7, 0xffac, 0xffad, 0xffa6, 0xffb4, 0xffb2, 0xffb2, 0xffa8, 0xffb1, 0xffb1, 0xffb4, 0xffab, 0xffb0, 0xffad, 0xffaf, 0xffa3, 0xffaa, 0xffac, 0xffb1, 0xffa4,
0xff86, 0xff87, 0xff7f, 0xff8c, 0xff8d, 0xff89, 0xff7e, 0xff8c, 0xff8d, 0xff86, 0xff86, 0xff8e, 0xff93, 0xff8c, 0xff88, 0xff91, 0xff9d, 0xff96, 0xff8f, 0xff99, 0xff9d, 0xff91, 0xff91, 0xff99, 0xff9e, 0xff93, 0xff92, 0xff94, 0xff9a, 0xff93, 0xff95, 0xff97,
0x4a57, 0x1951, 0x7fff, 0x1951, 0x7fff, 0x1950, 0x7fff, 0x1950, 0xffc4, 0xce21, 0x16e7, 0xd83d, 0xfffe, 0x11, 0x7, 0xfffd, 0x177d, 0x3e3, 0x260, 0x7fff, 0x177c, 0x3e2, 0x260, 0x7fff, 0x1, 0x1, 0x1, 0x1, 0x1, 0x1, 0x1, 0x1,
0x654, 0x7fff, 0x1951, 0x7fff, 0x1951, 0x7fff, 0x1950, 0x7fff, 0xffca, 0xf5d1, 0xcf2b, 0xd864, 0x10, 0x3, 0xfffc, 0x0, 0xe4, 0x46, 0x2701, 0x44, 0xe4, 0x46, 0x2701, 0x44, 0x1, 0x1, 0x1, 0x1, 0x1, 0x1, 0x1, 0x1]
New data for subpage #1: 0x0009?
[0xffd0, 0xffd6, 0xffdc, 0xffce, 0xffd2, 0xffd6, 0xffdd, 0xffcb, 0xffd0, 0xffd5, 0xffdd, 0xffca, 0xffd1, 0xffd6, 0xffe6, 0xffcf, 0xffba, 0xffb2, 0xffbd, 0xffaa, 0xffb2, 0xffaf, 0xffbb, 0xffa5, 0xffb6, 0xffb3, 0xffbd, 0xffa7, 0xffb6, 0xffb1, 0xffc4, 0xffa5,
0xffcd, 0xffcb, 0xffc8, 0xffce, 0xffcf, 0xffcb, 0xffc6, 0xffcf, 0xffcf, 0xffcc, 0xffc8, 0xffcc, 0xffd0, 0xffce, 0xffd2, 0xffd1, 0xffb7, 0xffa8, 0xffa5, 0xffac, 0xffb1, 0xffa6, 0xffa6, 0xffa9, 0xffb3, 0xffaa, 0xffaa, 0xffaa, 0xffb4, 0xffaa, 0xffb0, 0xffa8,
0xffd4, 0xffd9, 0xffde, 0xffcd, 0xffd3, 0xffd8, 0xffdf, 0xffcb, 0xffd6, 0xffd6, 0xffdf, 0xffcb, 0xffd4, 0xffd9, 0xffea, 0xffcf, 0xffb8, 0xffb0, 0xffb8, 0xffa8, 0xffb2, 0xffaf, 0xffb9, 0xffa2, 0xffb4, 0xffae, 0xffbc, 0xffa5, 0xffb7, 0xffb0, 0xffc3, 0xffa4,
0xffd1, 0xffcc, 0xffc8, 0xffce, 0xffd2, 0xffcd, 0xffca, 0xffcf, 0xffd4, 0xffcc, 0xffcb, 0xffd0, 0xffd3, 0xffd1, 0xffd5, 0xffd0, 0xffb5, 0xffa9, 0xffa3, 0xffa7, 0xffb1, 0xffa6, 0xffa5, 0xffa4, 0xffb1, 0xffa7, 0xffaa, 0xffa7, 0xffb5, 0xffa8, 0xffae, 0xffa6,
0xffd9, 0xffda, 0xffe1, 0xffd1, 0xffd7, 0xffdc, 0xffe3, 0xffd0, 0xffd9, 0xffd9, 0xffe2, 0xffcf, 0xffdb, 0xffe0, 0xffec, 0xffd1, 0xffb7, 0xffb2, 0xffb8, 0xffa4, 0xffb1, 0xffae, 0xffb9, 0xffa2, 0xffb1, 0xffaf, 0xffbc, 0xffa7, 0xffb4, 0xffb0, 0xffc2, 0xffa6,
0xffd6, 0xffd0, 0xffcb, 0xffd2, 0xffd7, 0xffd1, 0xffce, 0xffd5, 0xffd7, 0xffd3, 0xffce, 0xffd2, 0xffdc, 0xffd5, 0xffda, 0xffd2, 0xffb5, 0xffa6, 0xffa4, 0xffa3, 0xffaf, 0xffa5, 0xffa4, 0xffa7, 0xffb1, 0xffa7, 0xffa8, 0xffa7, 0xffb3, 0xffa6, 0xffad, 0xffa6,
0xffd7, 0xffdb, 0xffe5, 0xd92a, 0xffdc, 0xffe1, 0xffe9, 0xffd6, 0xffdf, 0xffe1, 0xffea, 0xffd6, 0xffe3, 0xffe9, 0xfff1, 0xffce, 0xffb3, 0xffb0, 0xffb7, 0xffa5, 0xffae, 0xffae, 0xffb8, 0xffa2, 0xffb5, 0xffab, 0xffbc, 0xffa3, 0xffb4, 0xffaf, 0xffc1, 0xffa2,
0xffd3, 0xffd3, 0xffc1, 0xffd7, 0xffda, 0xffd9, 0xffd6, 0xffdc, 0xffde, 0xffdc, 0xffdb, 0xffdd, 0xffe4, 0xffe1, 0xffdb, 0xffd0, 0xffb0, 0xffa7, 0xffa2, 0xffa6, 0xffae, 0xffa3, 0xffa2, 0xffa3, 0xffb1, 0xffa3, 0xffa7, 0xffa6, 0xffb3, 0xffa6, 0xffad, 0xffa4,
0xffe0, 0xffe4, 0xfff2, 0xffe2, 0xffeb, 0xfff2, 0xfffa, 0xffe8, 0xfff1, 0xfff3, 0xfff7, 0xffe4, 0xffed, 0xffef, 0xffee, 0xffc9, 0xffb4, 0xffad, 0xffb9, 0xffa3, 0xffb2, 0xffad, 0xffb8, 0xffa5, 0xffb4, 0xffad, 0xffba, 0xffa3, 0xffb2, 0xffae, 0xffc1, 0xffa3,
0xffde, 0xffda, 0xffd8, 0xffe0, 0xffea, 0xffe7, 0xffe2, 0xffe8, 0xffec, 0xffe5, 0xffde, 0xffe0, 0xffe3, 0xffdd, 0xffd0, 0xffc4, 0xffb0, 0xffa4, 0xffa3, 0xffa4, 0xffae, 0xffa4, 0xffa3, 0xffa4, 0xffb1, 0xffa2, 0xffa3, 0xffa5, 0xffb0, 0xffa3, 0xffa9, 0xffa5,
0xffbd, 0xffb9, 0xffb8, 0xffac, 0xffc5, 0xffd2, 0xffe1, 0xffcc, 0xffd3, 0xffcf, 0xffd4, 0xffc2, 0xffc6, 0xffc8, 0xffca, 0xffb3, 0xffb2, 0xffaf, 0xffb9, 0xffa6, 0xffb3, 0xffb1, 0xffbb, 0xffa3, 0xffb3, 0xffad, 0xffb9, 0xffa3, 0xffb0, 0xffab, 0xffbd, 0xffa1,
0xffa5, 0xffa1, 0xff98, 0xffa0, 0xffad, 0xffab, 0xffb1, 0xffb0, 0xffb2, 0xffac, 0xffa5, 0xffab, 0xffaf, 0xffa8, 0xffa7, 0xffa6, 0xffaf, 0xffa3, 0xffa2, 0xffa7, 0xffaf, 0xffa6, 0xffa5, 0xffa4, 0xffb3, 0xffa0, 0xffa3, 0xffa1, 0xffac, 0xffa3, 0xffa7, 0xffa0,
0xffa3, 0xffab, 0xffad, 0xff9c, 0xffa6, 0xffaa, 0xffb3, 0xffa3, 0xffa8, 0xffad, 0xffb4, 0xffa3, 0xffad, 0xffb0, 0xffb7, 0xffa4, 0xffaf, 0xffb0, 0xffb9, 0xffa6, 0xffb1, 0xffb0, 0xffb8, 0xffa5, 0xffb2, 0xffae, 0xffb8, 0xff9f, 0xffae, 0xffac, 0xffb9, 0xff9d,
0xff9d, 0xff98, 0xff90, 0xff98, 0xff9e, 0xff98, 0xff96, 0xff9e, 0xff9e, 0xff99, 0xff98, 0xff9e, 0xffa7, 0xffa3, 0xff9e, 0xffa5, 0xffac, 0xffa3, 0xffa3, 0xffa2, 0xffae, 0xffa4, 0xffa2, 0xffa5, 0xffad, 0xffa4, 0xffa1, 0xff9f, 0xffa8, 0xffa0, 0xffa3, 0xff9e,
0xffa0, 0xffab, 0xffaa, 0xff9a, 0xffa1, 0xffa7, 0xffab, 0xff9b, 0xffa0, 0xffa7, 0xffae, 0xff9e, 0xffab, 0xffae, 0xffb7, 0xffa4, 0xffb0, 0xffaf, 0xffb9, 0xffa5, 0xffb1, 0xffaf, 0xffba, 0xffa5, 0xffaf, 0xffac, 0xffb5, 0xff9d, 0xffaf, 0xffab, 0xffb9, 0xff9d,
0xff99, 0xff95, 0xff90, 0xff94, 0xff98, 0xff97, 0xff8e, 0xff96, 0xff99, 0xff94, 0xff94, 0xff99, 0xffa7, 0xffa0, 0xff9d, 0xffa1, 0xffac, 0xffa4, 0xffa1, 0xffa4, 0xffae, 0xffa1, 0xffa2, 0xffa5, 0xffac, 0xff9e, 0xff9e, 0xff9e, 0xffa8, 0xff9e, 0xffa2, 0xff9c,
0xffa4, 0xffa8, 0xffab, 0xff9d, 0xffa2, 0xffa7, 0xffa8, 0xff9a, 0xffa4, 0xffa3, 0xffab, 0xffa1, 0xffaf, 0xffb0, 0xffb5, 0xffa4, 0xffb6, 0xffb4, 0xffbb, 0xffa8, 0xffb5, 0xffb2, 0xffbd, 0xffa9, 0xffb2, 0xffae, 0xffb4, 0xffa0, 0xffaa, 0xffab, 0xffb6, 0xff9f,
0xff98, 0xff95, 0xff8e, 0xff97, 0xff99, 0xff94, 0xff8b, 0xff93, 0xff9b, 0xff93, 0xff91, 0xff9b, 0xffa7, 0xff9f, 0xff9d, 0xffa8, 0xffb9, 0xffb0, 0xffa6, 0xffa9, 0xffae, 0xffa3, 0xffa5, 0xffa8, 0xffae, 0xffa0, 0xffa0, 0xff9f, 0xffa7, 0xff9e, 0xffa4, 0xff9e,
0xff9b, 0xffa8, 0xffa5, 0xff9a, 0xffa0, 0xffa6, 0xffa7, 0xff99, 0xffa0, 0xffa7, 0xffaa, 0xffa0, 0xffa9, 0xffad, 0xffbf, 0xffbc, 0xffd0, 0xffcf, 0xffd1, 0xffbd, 0xffb9, 0xffb3, 0xffc2, 0xffaf, 0xffb4, 0xffb4, 0xffba, 0xffa1, 0xffaa, 0xffad, 0xffbb, 0xffa4,
0xff90, 0xff91, 0xff8a, 0xff92, 0xff96, 0xff93, 0xff8a, 0xff91, 0xff95, 0xff92, 0xff8b, 0xff95, 0xff9b, 0xff97, 0xff99, 0xffa5, 0xffbf, 0xffba, 0xffb8, 0xffbd, 0xffb6, 0xffa7, 0xffa7, 0xffab, 0xffb3, 0xffa8, 0xffa1, 0xff9e, 0xffa7, 0xff9a, 0xffa2, 0xff9f,
0xff99, 0xffa8, 0xffa6, 0xff99, 0xff9b, 0xffa6, 0xffa7, 0xff97, 0xff9e, 0xffa4, 0xffa6, 0xff97, 0xff9f, 0xffa6, 0xffa9, 0xff9a, 0xffad, 0xffb3, 0xffc3, 0xffb4, 0xffba, 0xffb5, 0xffb7, 0xffa3, 0xffb6, 0xffb4, 0xffb4, 0xff9f, 0xffab, 0xffad, 0xffb6, 0xff9e,
0xff8d, 0xff8f, 0xff87, 0xff91, 0xff91, 0xff8f, 0xff88, 0xff8f, 0xff93, 0xff8f, 0xff8a, 0xff90, 0xff97, 0xff93, 0xff8b, 0xff94, 0xffa2, 0xff9b, 0xff98, 0xff9f, 0xffac, 0xffa3, 0xff9d, 0xff9f, 0xffaf, 0xffa3, 0xff99, 0xff9c, 0xffa9, 0xff9c, 0xff9c, 0xff9b,
0xff9c, 0xffa9, 0xffa5, 0xff9c, 0xffa0, 0xffa7, 0xffa4, 0xff99, 0xff9f, 0xffa5, 0xffa9, 0xff9e, 0xffa7, 0xffad, 0xffae, 0xffa1, 0xffb5, 0xffb4, 0xffb3, 0xffa4, 0xffb1, 0xffb2, 0xffb5, 0xffa5, 0xffaf, 0xffb1, 0xffaf, 0xffa0, 0xffa8, 0xffae, 0xffb2, 0xffa0,
0xff84, 0xff8b, 0xff7e, 0xff8a, 0xff8d, 0xff89, 0xff7c, 0xff89, 0xff8d, 0xff86, 0xff83, 0xff8b, 0xff94, 0xff8c, 0xff86, 0xff8e, 0xff9d, 0xff97, 0xff8c, 0xff95, 0xff9e, 0xff93, 0xff90, 0xff97, 0xff9f, 0xff94, 0xff90, 0xff91, 0xff9c, 0xff95, 0xff94, 0xff92,
0x4a57, 0x1954, 0x7fff, 0x1954, 0x7fff, 0x1952, 0x7fff, 0x1952, 0xffc4, 0xce22, 0x16e7, 0xd83b, 0xfffd, 0x10, 0x7, 0xfff8, 0x1778, 0x3eb, 0x25f, 0x7fff, 0x1778, 0x3eb, 0x25f, 0x7fff, 0x1, 0x1, 0x1, 0x1, 0x1, 0x1, 0x1, 0x1,
0x655, 0x7fff, 0x1954, 0x7fff, 0x1954, 0x7fff, 0x1952, 0x7fff, 0xffcc, 0xf5d1, 0xcf27, 0xd864, 0xe, 0x4, 0xfffb, 0xfffb, 0xef, 0x46, 0x26fe, 0x43, 0xef, 0x46, 0x26fe, 0x43, 0x1, 0x1, 0x1, 0x1, 0x1, 0x1, 0x1, 0x1]
New data for subpage #0: 0x0008?
[0xffce, 0xffd5, 0xffe0, 0xffcd, 0xffd0, 0xffd5, 0xffdd, 0xffcb, 0xffcf, 0xffd4, 0xffde, 0xffca, 0xffd0, 0xffd5, 0xffe8, 0xffd0, 0xffb8, 0xffb1, 0xffbd, 0xffac, 0xffb1, 0xffaf, 0xffbd, 0xffa8, 0xffb3, 0xffb2, 0xffbf, 0xffab, 0xffb5, 0xffb4, 0xffc3, 0xffa7,
0xffce, 0xffc9, 0xffc8, 0xffd2, 0xffcf, 0xffca, 0xffca, 0xffd1, 0xffd1, 0xffcb, 0xffc8, 0xffd1, 0xffd0, 0xffca, 0xffd1, 0xffd5, 0xffb8, 0xffa6, 0xffa6, 0xffb2, 0xffb2, 0xffa4, 0xffa5, 0xffad, 0xffb5, 0xffa6, 0xffa7, 0xffb1, 0xffb6, 0xffa8, 0xffb1, 0xffae,
0xffd0, 0xffd7, 0xffdf, 0xffce, 0xffd2, 0xffd8, 0xffe0, 0xffce, 0xffd2, 0xffd6, 0xffdf, 0xffcc, 0xffd2, 0xffd9, 0xffe9, 0xffd1, 0xffb5, 0xffb1, 0xffba, 0xffa8, 0xffb1, 0xffb0, 0xffb9, 0xffa3, 0xffb1, 0xffaf, 0xffbd, 0xffa9, 0xffb4, 0xffb2, 0xffc5, 0xffa5,
0xffd1, 0xffcc, 0xffc9, 0xffd5, 0xffd3, 0xffcb, 0xffca, 0xffd4, 0xffd4, 0xffcd, 0xffcb, 0xffd3, 0xffd4, 0xffce, 0xffd5, 0xffd8, 0xffb5, 0xffa6, 0xffa2, 0xffad, 0xffb1, 0xffa2, 0xffa4, 0xffad, 0xffb3, 0xffa5, 0xffa9, 0xffad, 0xffb6, 0xffa5, 0xffae, 0xffac,
0xffd7, 0xffdb, 0xffe1, 0xffd1, 0xffd6, 0xffdc, 0xffe3, 0xffd1, 0xffd9, 0xffda, 0xffe2, 0xffd2, 0xffdb, 0xffde, 0xffee, 0xffd3, 0xffb5, 0xffb0, 0xffba, 0xffa6, 0xffb0, 0xffaf, 0xffba, 0xffa5, 0xffaf, 0xffb0, 0xffbd, 0xffa7, 0xffb2, 0xffb0, 0xffc4, 0xffa7,
0xffd8, 0xffcc, 0xffcb, 0xffd8, 0xffda, 0xffd1, 0xffce, 0xffd7, 0xffd9, 0xffcf, 0xffce, 0xffd8, 0xffdb, 0xffd5, 0xffd8, 0xffd6, 0xffb5, 0xffa4, 0xffa4, 0xffaa, 0xffae, 0xffa3, 0xffa4, 0xffab, 0xffb2, 0xffa5, 0xffa8, 0xffab, 0xffb0, 0xffa4, 0xffae, 0xffac,
0xffd5, 0xffda, 0xffe6, 0xd90f, 0xffda, 0xffe1, 0xffec, 0xffd7, 0xffde, 0xffdf, 0xffeb, 0xffd6, 0xffe0, 0xffe8, 0xfff2, 0xffce, 0xffb3, 0xffaf, 0xffba, 0xffa5, 0xffaf, 0xffae, 0xffba, 0xffa2, 0xffb2, 0xffad, 0xffbe, 0xffa4, 0xffb4, 0xffb2, 0xffc3, 0xffa4,
0xffd5, 0xffd2, 0xffc1, 0xffdd, 0xffdb, 0xffd7, 0xffd7, 0xffe1, 0xffe0, 0xffdb, 0xffda, 0xffe4, 0xffe6, 0xffe1, 0xffdc, 0xffd5, 0xffb0, 0xffa5, 0xffa2, 0xffac, 0xffae, 0xffa2, 0xffa4, 0xffa8, 0xffb0, 0xffa0, 0xffa9, 0xffab, 0xffb2, 0xffa4, 0xffab, 0xffaa,
0xffde, 0xffe6, 0xfff1, 0xffe4, 0xffeb, 0xfff2, 0xfffb, 0xffe8, 0xfff0, 0xfff3, 0xfffa, 0xffe7, 0xffeb, 0xfff0, 0xffef, 0xffcb, 0xffb2, 0xffad, 0xffb9, 0xffa5, 0xffae, 0xffad, 0xffb8, 0xffa4, 0xffb2, 0xffad, 0xffba, 0xffa4, 0xffb0, 0xffaf, 0xffc1, 0xffa5,
0xffde, 0xffda, 0xffd9, 0xffe3, 0xffec, 0xffe7, 0xffe2, 0xffeb, 0xffee, 0xffe3, 0xffdd, 0xffe7, 0xffe4, 0xffdb, 0xffcf, 0xffca, 0xffb3, 0xffa3, 0xffa2, 0xffaa, 0xffb0, 0xffa1, 0xffa2, 0xffaa, 0xffb2, 0xffa0, 0xffa4, 0xffa9, 0xffaf, 0xffa2, 0xffaa, 0xffaa,
0xffbb, 0xffba, 0xffb9, 0xffab, 0xffc3, 0xffd4, 0xffe1, 0xffce, 0xffcf, 0xffce, 0xffd5, 0xffc4, 0xffc4, 0xffc9, 0xffcb, 0xffb3, 0xffb2, 0xffae, 0xffba, 0xffa7, 0xffb1, 0xffaf, 0xffbb, 0xffa6, 0xffb1, 0xffac, 0xffbb, 0xffa3, 0xffae, 0xffac, 0xffbf, 0xffa3,
0xffa6, 0xff9f, 0xff98, 0xffa8, 0xffae, 0xffa9, 0xffaf, 0xffb8, 0xffb2, 0xffaa, 0xffa7, 0xffb0, 0xffb0, 0xffa8, 0xffa5, 0xffac, 0xffb1, 0xffa2, 0xffa2, 0xffac, 0xffb1, 0xffa3, 0xffa4, 0xffab, 0xffb0, 0xffa0, 0xffa4, 0xffa5, 0xffae, 0xffa0, 0xffa8, 0xffa4,
0xffa2, 0xffaa, 0xffaf, 0xff9d, 0xffa5, 0xffac, 0xffb5, 0xffa5, 0xffa4, 0xffaa, 0xffb7, 0xffa3, 0xffac, 0xffb1, 0xffb8, 0xffa5, 0xffad, 0xffaf, 0xffba, 0xffa5, 0xffad, 0xffb0, 0xffba, 0xffa6, 0xffaf, 0xffae, 0xffba, 0xffa2, 0xffad, 0xffad, 0xffbb, 0xff9f,
0xff9d, 0xff97, 0xff92, 0xff9d, 0xffa0, 0xff99, 0xff96, 0xffa2, 0xff9e, 0xff98, 0xff99, 0xffa4, 0xffaa, 0xffa1, 0xff9e, 0xffa7, 0xffac, 0xffa1, 0xffa1, 0xffa9, 0xffae, 0xffa0, 0xffa3, 0xffa9, 0xffaf, 0xffa1, 0xffa0, 0xffa4, 0xffaa, 0xff9e, 0xffa2, 0xffa4,
0xff9e, 0xffa9, 0xffae, 0xff9c, 0xffa0, 0xffa8, 0xffae, 0xff9c, 0xff9e, 0xffa7, 0xffae, 0xffa1, 0xffaa, 0xffaf, 0xffb7, 0xffa7, 0xffad, 0xffb1, 0xffba, 0xffa7, 0xffaf, 0xffae, 0xffbd, 0xffa7, 0xffad, 0xffad, 0xffb6, 0xffa0, 0xffac, 0xffab, 0xffb8, 0xffa0,
0xff99, 0xff94, 0xff91, 0xff9a, 0xff9a, 0xff95, 0xff92, 0xff9c, 0xff9c, 0xff93, 0xff93, 0xffa3, 0xffa8, 0xff9f, 0xff9d, 0xffa9, 0xffab, 0xffa1, 0xffa0, 0xffaa, 0xffac, 0xff9f, 0xffa4, 0xffaa, 0xffab, 0xff9d, 0xff9c, 0xffa5, 0xffab, 0xff9e, 0xffa2, 0xffa3,
0xffa1, 0xffa9, 0xffaa, 0xff9d, 0xff9f, 0xffa6, 0xffa8, 0xff99, 0xffa0, 0xffa5, 0xffab, 0xffa2, 0xffab, 0xffb0, 0xffb6, 0xffa6, 0xffb3, 0xffb6, 0xffbd, 0xffa9, 0xffb2, 0xffb3, 0xffbe, 0xffaa, 0xffac, 0xffb0, 0xffb6, 0xffa3, 0xffa9, 0xffac, 0xffba, 0xffa1,
0xff9a, 0xff94, 0xff8f, 0xff9b, 0xff98, 0xff93, 0xff8c, 0xff9a, 0xff9b, 0xff91, 0xff90, 0xffa0, 0xffa9, 0xff9c, 0xff9e, 0xffac, 0xffba, 0xffae, 0xffa8, 0xffaf, 0xffae, 0xffa0, 0xffa6, 0xffad, 0xffae, 0xff9e, 0xff9f, 0xffa6, 0xffa7, 0xff9b, 0xffa2, 0xffa3,
0xff98, 0xffa9, 0xffa8, 0xff9c, 0xff9e, 0xffa8, 0xffaa, 0xff9b, 0xff9e, 0xffa6, 0xffad, 0xffa1, 0xffa7, 0xffae, 0xffbe, 0xffbb, 0xffce, 0xffd0, 0xffd1, 0xffc0, 0xffb9, 0xffb4, 0xffc2, 0xffb1, 0xffb4, 0xffb4, 0xffbb, 0xffa2, 0xffa8, 0xffac, 0xffbe, 0xffa5,
0xff91, 0xff90, 0xff89, 0xff99, 0xff98, 0xff92, 0xff8c, 0xff98, 0xff96, 0xff92, 0xff8c, 0xff99, 0xff9b, 0xff95, 0xff97, 0xffab, 0xffbd, 0xffb9, 0xffb5, 0xffc4, 0xffb8, 0xffa4, 0xffa9, 0xffb1, 0xffb3, 0xffa8, 0xffa1, 0xffa1, 0xffa8, 0xff9a, 0xffa2, 0xffa5,
0xff98, 0xffa8, 0xffa7, 0xff9a, 0xff98, 0xffa5, 0xffa8, 0xff98, 0xff9b, 0xffa6, 0xffa9, 0xff9a, 0xff9d, 0xffa6, 0xffaa, 0xff9a, 0xffab, 0xffb3, 0xffc4, 0xffb5, 0xffb9, 0xffb6, 0xffb9, 0xffa5, 0xffb5, 0xffb5, 0xffb6, 0xffa2, 0xffa8, 0xffad, 0xffb8, 0xffa1,
0xff8e, 0xff8e, 0xff86, 0xff95, 0xff91, 0xff8f, 0xff88, 0xff93, 0xff95, 0xff8e, 0xff89, 0xff97, 0xff98, 0xff92, 0xff8b, 0xff99, 0xffa4, 0xff98, 0xff97, 0xffa5, 0xffac, 0xffa1, 0xff9c, 0xffa5, 0xffb3, 0xffa1, 0xff99, 0xffa1, 0xffaa, 0xff9a, 0xff9f, 0xff9e,
0xff99, 0xffab, 0xffa7, 0xff9e, 0xff9f, 0xffa7, 0xffa5, 0xff99, 0xff9f, 0xffa6, 0xffaa, 0xff9e, 0xffa4, 0xffac, 0xffae, 0xffa4, 0xffb4, 0xffb6, 0xffb2, 0xffa5, 0xffae, 0xffb3, 0xffb8, 0xffa7, 0xffae, 0xffb1, 0xffb2, 0xffa0, 0xffa7, 0xffaf, 0xffb3, 0xffa1,
0xff87, 0xff87, 0xff7d, 0xff90, 0xff8f, 0xff86, 0xff7e, 0xff90, 0xff8e, 0xff85, 0xff84, 0xff8f, 0xff93, 0xff8a, 0xff87, 0xff95, 0xff9e, 0xff95, 0xff8c, 0xff99, 0xffa0, 0xff90, 0xff90, 0xff9a, 0xffa0, 0xff90, 0xff90, 0xff96, 0xff9d, 0xff92, 0xff94, 0xff98,
0x4a57, 0x1953, 0x7fff, 0x1953, 0x7fff, 0x1952, 0x7fff, 0x1952, 0xffc4, 0xce21, 0x16eb, 0xd83c, 0xfffd, 0x12, 0x6, 0xfff9, 0x177e, 0x3ec, 0x25f, 0x7fff, 0x177e, 0x3ec, 0x25f, 0x7fff, 0x1, 0x1, 0x1, 0x1, 0x1, 0x1, 0x1, 0x1,
0x654, 0x7fff, 0x1953, 0x7fff, 0x1953, 0x7fff, 0x1952, 0x7fff, 0xffcb, 0xf5d1, 0xcf27, 0xd866, 0x10, 0x3, 0xfff9, 0xffff, 0xef, 0x45, 0x26fe, 0x44, 0xef, 0x45, 0x26fe, 0x44, 0x1, 0x1, 0x1, 0x1, 0x1, 0x1, 0x1, 0x1]
