[SYNCED]New data for subpage #0: 0x0008?
[-46, -44, -38, -49, -46, -44, -36, -52, -44, -46, -37, -52, -45, -44, -29, -46, -68, -80, -70, -87, -75, -82, -69, -88, -73, -80, -68, -86, -72, -81, -62, -89,
-51, -50, -54, -52, -50, -51, -56, -51, -50, -51, -54, -52, -48, -49, -44, -48, -73, -86, -88, -84, -79, -89, -88, -89, -76, -86, -87, -86, -77, -85, -79, -87,
-44, -44, -37, -48, -44, -43, -34, -50, -41, -44, -35, -52, -42, -40, -24, -47, -72, -81, -72, -86, -77, -82, -73, -91, -75, -83, -69, -89, -72, -81, -64, -92,
-47, -49, -54, -48, -46, -49, -53, -49, -46, -49, -52, -49, -46, -45, -41, -46, -76, -86, -91, -88, -80, -89, -91, -89, -77, -86, -84, -89, -77, -87, -81, -90,
-36, -40, -36, -45, -36, -37, -32, -44, -36, -40, -33, -47, -34, -36, -22, -45, -70, -80, -73, -90, -77, -84, -72, -91, -77, -82, -71, -87, -76, -83, -66, -88,
-43, -47, -50, -46, -43, -44, -48, -45, -39, -44, -48, -44, -36, -39, -37, -45, -76, -87, -90, -90, -81, -89, -90, -92, -82, -89, -85, -89, -79, -87, -81, -89,
-40, -39, -29, -9994, -34, -32, -24, -38, -30, -33, -24, -38, -27, -25, -17, -46, -74, -82, -74, -90, -80, -85, -74, -91, -75, -85, -70, -91, -74, -82, -65, -92,
-46, -44, -62, -40, -37, -36, -39, -37, -32, -35, -35, -34, -28, -28, -34, -49, -79, -89, -93, -89, -84, -91, -92, -90, -82, -90, -86, -90, -78, -88, -81, -90,
-30, -28, -18, -28, -19, -15, -9, -22, -13, -16, -9, -24, -17, -20, -19, -51, -73, -82, -73, -90, -77, -84, -75, -90, -74, -84, -73, -90, -76, -82, -67, -92,
-36, -37, -37, -31, -23, -24, -28, -25, -20, -24, -33, -32, -31, -34, -48, -58, -79, -90, -92, -91, -83, -90, -92, -90, -81, -92, -91, -91, -82, -92, -85, -91,
-64, -71, -74, -83, -56, -45, -32, -48, -45, -51, -48, -61, -56, -57, -57, -77, -75, -83, -73, -87, -74, -82, -72, -91, -75, -87, -72, -92, -79, -85, -70, -92,
-92, -93, -101, -95, -83, -82, -78, -78, -79, -83, -88, -85, -82, -82, -90, -89, -84, -91, -92, -88, -81, -90, -92, -91, -81, -93, -91, -92, -84, -92, -87, -96,
-92, -88, -85, -97, -89, -86, -80, -92, -86, -87, -77, -91, -82, -81, -76, -89, -80, -82, -72, -90, -78, -83, -72, -90, -77, -83, -74, -94, -79, -86, -71, -96,
-101, -99, -110, -104, -98, -99, -106, -97, -97, -101, -102, -97, -90, -93, -98, -93, -85, -91, -92, -92, -84, -91, -95, -90, -83, -88, -94, -97, -87, -95, -92, -98,
-94, -90, -87, -99, -92, -89, -88, -101, -93, -91, -84, -94, -84, -83, -75, -89, -78, -82, -74, -87, -78, -83, -73, -88, -78, -86, -76, -94, -81, -86, -75, -95,
-105, -104, -109, -105, -105, -103, -110, -106, -104, -106, -108, -100, -92, -95, -96, -93, -88, -92, -94, -90, -84, -92, -93, -91, -85, -95, -96, -96, -85, -95, -93, -97,
-91, -90, -88, -95, -92, -90, -91, -100, -92, -94, -87, -93, -80, -83, -78, -88, -72, -76, -71, -87, -74, -80, -69, -86, -78, -84, -78, -93, -83, -86, -75, -95,
-104, -106, -114, -106, -104, -104, -113, -107, -101, -107, -109, -100, -91, -96, -97, -89, -74, -79, -87, -85, -83, -90, -90, -88, -84, -93, -95, -96, -91, -97, -91, -98,
-97, -89, -90, -98, -95, -91, -89, -101, -94, -91, -86, -96, -86, -84, -68, -67, -47, -50, -49, -62, -69, -79, -64, -79, -73, -78, -72, -94, -83, -86, -69, -90,
-112, -107, -118, -107, -106, -108, -115, -108, -106, -107, -113, -105, -102, -102, -101, -87, -68, -69, -71, -65, -74, -90, -87, -83, -79, -88, -93, -96, -91, -98, -92, -96,
-100, -91, -90, -99, -99, -93, -90, -101, -94, -95, -91, -102, -96, -93, -88, -101, -81, -81, -62, -71, -68, -76, -75, -90, -71, -78, -78, -94, -84, -85, -76, -95,
-116, -111, -118, -110, -113, -112, -118, -111, -106, -109, -116, -109, -106, -107, -113, -107, -94, -101, -102, -96, -84, -91, -98, -97, -81, -91, -101, -98, -91, -94, -95, -100,
-100, -89, -92, -98, -94, -91, -92, -101, -94, -92, -90, -96, -86, -84, -84, -92, -74, -78, -81, -89, -78, -80, -76, -88, -77, -82, -83, -93, -85, -84, -79, -93,
-124, -118, -129, -117, -116, -117, -129, -118, -117, -118, -123, -117, -111, -113, -120, -113, -99, -104, -112, -107, -99, -108, -110, -105, -99, -105, -110, -112, -101, -106, -105, -108,
19031, 6480, 32767, 6480, 32767, 6479, 32767, 6479, -58, -12766, 5862, -10179, -1, 17, 5, -4, 6022, 997, 606, 32767, 6022, 997, 606, 32767, 1, 1, 1, 1, 1, 1, 1, 1,
1620, 32767, 6480, 32767, 6480, 32767, 6479, 32767, -55, -2606, -12501, -10142, 16, 5, -3, -5, 233, 72, 9983, 66, 233, 71, 9983, 66, 1, 1, 1, 1, 1, 1, 1, 1]
New data for subpage #1: 0x0009?
[-47, -43, -36, -49, -45, -44, -35, -52, -47, -46, -34, -54, -45, -45, -26, -49, -70, -81, -69, -84, -77, -83, -68, -89, -73, -81, -65, -87, -75, -81, -61, -89,
-50, -49, -56, -44, -51, -52, -58, -46, -48, -52, -57, -46, -47, -50, -46, -41, -73, -87, -91, -79, -80, -90, -89, -83, -77, -86, -86, -79, -76, -86, -80, -82,
-45, -43, -34, -49, -44, -44, -35, -49, -41, -44, -34, -52, -44, -42, -23, -47, -74, -81, -73, -87, -77, -84, -72, -91, -76, -82, -66, -89, -72, -83, -61, -91,
-47, -50, -56, -44, -48, -50, -56, -43, -44, -52, -53, -45, -45, -46, -43, -42, -77, -87, -93, -84, -81, -89, -92, -84, -78, -88, -88, -82, -77, -89, -81, -84,
-39, -41, -32, -45, -41, -38, -30, -46, -36, -40, -31, -47, -36, -35, -20, -46, -72, -84, -70, -90, -79, -85, -71, -90, -78, -84, -68, -88, -78, -83, -63, -88,
-43, -48, -54, -41, -41, -45, -50, -39, -40, -46, -50, -41, -38, -43, -39, -42, -78, -89, -92, -87, -82, -91, -91, -85, -82, -90, -88, -84, -80, -89, -81, -85,
-43, -38, -27, -9965, -36, -33, -24, -39, -31, -33, -23, -41, -30, -26, -15, -49, -73, -85, -73, -90, -80, -85, -72, -93, -76, -87, -69, -91, -77, -83, -63, -93,
-46, -45, -64, -36, -37, -36, -41, -32, -33, -36, -39, -29, -29, -30, -36, -43, -83, -91, -95, -86, -83, -90, -93, -86, -79, -92, -89, -85, -78, -90, -83, -87,
-32, -29, -15, -27, -18, -17, -5, -22, -14, -18, -8, -25, -18, -20, -18, -52, -72, -85, -70, -91, -79, -83, -73, -91, -75, -85, -71, -91, -77, -86, -64, -91,
-35, -37, -37, -27, -22, -26, -28, -20, -19, -25, -37, -29, -30, -34, -47, -53, -80, -91, -92, -87, -83, -90, -94, -87, -80, -94, -92, -87, -83, -93, -84, -87,
-64, -72, -71, -82, -57, -46, -30, -49, -46, -51, -47, -60, -58, -59, -55, -77, -76, -84, -70, -87, -76, -82, -68, -91, -78, -86, -72, -91, -80, -85, -67, -92,
-92, -93, -102, -89, -83, -83, -81, -71, -78, -85, -89, -79, -82, -86, -92, -85, -83, -93, -94, -83, -79, -90, -93, -87, -82, -93, -93, -89, -82, -93, -88, -92,
-92, -86, -86, -98, -90, -87, -78, -92, -91, -88, -74, -93, -82, -83, -75, -90, -81, -84, -71, -90, -78, -82, -71, -90, -79, -85, -72, -95, -81, -86, -69, -97,
-101, -103, -111, -97, -99, -101, -105, -93, -100, -102, -103, -92, -88, -94, -97, -88, -87, -92, -95, -87, -82, -92, -94, -87, -83, -90, -97, -93, -89, -94, -91, -95,
-95, -90, -85, -99, -95, -91, -84, -97, -94, -93, -83, -97, -83, -82, -74, -89, -81, -82, -71, -90, -77, -83, -69, -88, -79, -87, -74, -95, -81, -85, -69, -95,
-105, -106, -112, -103, -103, -106, -112, -100, -105, -107, -109, -95, -91, -95, -99, -89, -86, -91, -95, -87, -84, -95, -95, -86, -87, -97, -98, -91, -87, -97, -94, -91,
-92, -89, -85, -98, -95, -92, -88, -99, -93, -92, -85, -93, -82, -84, -75, -89, -74, -77, -68, -85, -75, -80, -68, -86, -79, -85, -76, -93, -85, -87, -74, -96,
-103, -105, -113, -101, -105, -106, -116, -102, -101, -108, -110, -95, -91, -96, -98, -84, -74, -80, -88, -82, -83, -93, -89, -83, -84, -94, -97, -92, -88, -97, -93, -95,
-98, -90, -87, -100, -97, -91, -87, -103, -96, -93, -86, -96, -85, -84, -66, -67, -48, -50, -48, -64, -71, -79, -62, -78, -75, -78, -68, -92, -85, -86, -67, -91,
-113, -108, -119, -107, -108, -109, -119, -103, -108, -106, -115, -103, -102, -104, -104, -86, -66, -68, -70, -62, -74, -90, -87, -79, -79, -85, -94, -94, -89, -99, -94, -91,
-102, -90, -89, -99, -100, -93, -89, -102, -97, -94, -90, -103, -96, -93, -87, -100, -83, -81, -62, -72, -70, -77, -73, -90, -72, -78, -76, -95, -86, -86, -73, -95,
-115, -111, -121, -105, -113, -111, -121, -108, -108, -112, -117, -105, -106, -109, -115, -103, -97, -102, -103, -92, -84, -93, -101, -93, -81, -91, -103, -95, -89, -98, -98, -96,
-99, -89, -89, -97, -94, -91, -91, -100, -95, -93, -86, -96, -87, -85, -82, -94, -77, -78, -78, -92, -79, -81, -72, -91, -80, -82, -80, -94, -86, -83, -78, -94,
-123, -120, -130, -114, -116, -117, -133, -113, -117, -120, -123, -114, -111, -115, -121, -108, -100, -105, -116, -103, -100, -109, -111, -102, -101, -106, -112, -106, -100, -107, -107, -103,
19033, 6482, 32767, 6482, 32767, 6481, 32767, 6481, -59, -12767, 5866, -10180, -2, 15, 7, -6, 6015, 997, 610, 32767, 6014, 997, 610, 32767, 1, 1, 1, 1, 1, 1, 1, 1,
1620, 32767, 6482, 32767, 6482, 32767, 6481, 32767, -55, -2606, -12502, -10139, 14, 4, -6, 1, 234, 70, 9986, 69, 234, 70, 9986, 69, 1, 1, 1, 1, 1, 1, 1, 1]
New data for subpage #0: 0x0008?
[-44, -44, -33, -53, -44, -46, -36, -53, -44, -47, -34, -54, -42, -46, -25, -50, -67, -82, -67, -86, -74, -84, -70, -91, -71, -80, -67, -89, -71, -82, -61, -92,
-51, -49, -57, -48, -50, -52, -59, -50, -51, -50, -57, -50, -51, -49, -48, -45, -75, -84, -90, -80, -81, -87, -92, -86, -77, -86, -85, -82, -78, -84, -83, -83,
-43, -43, -34, -51, -42, -45, -32, -52, -41, -45, -33, -52, -41, -42, -22, -50, -71, -82, -72, -89, -75, -84, -71, -94, -73, -84, -66, -92, -71, -83, -62, -95,
-50, -48, -56, -45, -48, -49, -56, -45, -47, -46, -54, -48, -48, -44, -45, -45, -79, -86, -93, -85, -81, -89, -93, -87, -81, -86, -87, -82, -77, -88, -84, -85,
-36, -42, -32, -47, -40, -40, -30, -47, -36, -42, -31, -48, -34, -38, -20, -48, -68, -83, -70, -90, -76, -85, -71, -93, -78, -82, -68, -89, -74, -83, -61, -92,
-45, -46, -55, -42, -44, -45, -50, -43, -43, -44, -49, -44, -41, -40, -39, -42, -77, -88, -93, -88, -83, -89, -92, -89, -83, -89, -88, -86, -80, -88, -84, -87,
-39, -42, -25, -9961, -34, -34, -23, -40, -29, -36, -21, -43, -26, -30, -16, -50, -73, -85, -72, -91, -79, -85, -72, -95, -74, -86, -68, -92, -73, -83, -62, -94,
-48, -43, -62, -37, -41, -37, -42, -32, -35, -35, -38, -30, -29, -31, -38, -46, -82, -88, -95, -87, -85, -92, -94, -87, -84, -91, -90, -88, -79, -88, -85, -89,
-29, -30, -16, -30, -17, -16, -7, -23, -14, -16, -7, -28, -16, -20, -17, -55, -73, -85, -71, -93, -76, -84, -74, -93, -74, -85, -71, -92, -74, -85, -64, -94,
-38, -36, -39, -30, -26, -24, -31, -21, -23, -25, -37, -30, -31, -34, -48, -55, -82, -91, -95, -89, -85, -92, -97, -88, -82, -91, -94, -88, -85, -91, -88, -90,
-63, -72, -72, -85, -55, -46, -29, -51, -44, -52, -44, -63, -55, -59, -54, -79, -74, -86, -70, -89, -71, -83, -69, -91, -75, -87, -71, -93, -79, -87, -66, -96,
-94, -93, -104, -93, -85, -82, -81, -75, -81, -84, -92, -84, -84, -84, -91, -86, -84, -90, -93, -85, -80, -89, -94, -89, -83, -93, -95, -91, -86, -92, -90, -93,
-88, -89, -85, -99, -88, -87, -76, -93, -86, -88, -74, -95, -80, -83, -73, -94, -78, -85, -71, -93, -78, -82, -72, -93, -76, -84, -72, -94, -79, -87, -71, -98,
-100, -102, -112, -100, -101, -99, -109, -96, -102, -100, -102, -95, -91, -93, -99, -90, -88, -92, -97, -89, -85, -92, -96, -89, -85, -88, -96, -93, -88, -95, -94, -95,
-93, -91, -84, -102, -93, -90, -84, -101, -93, -94, -82, -98, -81, -84, -74, -92, -78, -81, -70, -90, -75, -83, -69, -91, -79, -87, -74, -97, -80, -88, -71, -97,
-105, -104, -112, -102, -106, -103, -112, -102, -105, -106, -109, -98, -93, -95, -100, -90, -87, -92, -98, -89, -85, -93, -95, -89, -87, -97, -99, -94, -90, -95, -95, -94,
-91, -91, -86, -100, -91, -94, -89, -101, -92, -96, -83, -95, -79, -84, -75, -91, -73, -76, -69, -88, -73, -82, -67, -88, -77, -84, -75, -96, -83, -86, -73, -98,
-105, -106, -115, -103, -106, -107, -117, -103, -104, -107, -110, -97, -93, -95, -100, -85, -74, -78, -89, -82, -86, -91, -93, -85, -85, -94, -98, -93, -93, -96, -95, -96,
-98, -92, -88, -100, -94, -92, -88, -104, -96, -93, -85, -99, -86, -86, -67, -68, -47, -51, -47, -63, -68, -81, -62, -80, -71, -79, -70, -95, -81, -86, -69, -93,
-113, -108, -120, -104, -108, -108, -118, -107, -109, -108, -117, -105, -102, -103, -104, -87, -68, -67, -73, -61, -76, -88, -89, -81, -81, -87, -96, -95, -94, -99, -93, -93,
-101, -91, -88, -102, -100, -93, -89, -104, -94, -94, -89, -103, -94, -94, -87, -102, -81, -80, -60, -75, -68, -77, -72, -92, -70, -79, -76, -97, -83, -87, -72, -97,
-116, -110, -122, -109, -115, -111, -122, -110, -110, -110, -119, -110, -107, -108, -118, -105, -96, -103, -104, -94, -86, -92, -101, -95, -82, -90, -103, -97, -90, -95, -100, -99,
-98, -88, -91, -100, -93, -91, -91, -102, -93, -94, -88, -99, -86, -87, -83, -95, -72, -80, -78, -94, -76, -81, -73, -91, -80, -82, -79, -97, -84, -84, -78, -96,
-125, -117, -131, -116, -117, -118, -133, -116, -119, -120, -126, -115, -112, -114, -122, -110, -100, -104, -117, -104, -100, -107, -115, -103, -100, -105, -114, -108, -104, -103, -108, -107,
19031, 6479, 32767, 6479, 32767, 6479, 32767, 6479, -57, -12768, 5865, -10181, 1, 16, 7, -7, 6010, 999, 607, 32767, 6010, 998, 607, 32767, 1, 1, 1, 1, 1, 1, 1, 1,
1619, 32767, 6479, 32767, 6479, 32767, 6479, 32767, -54, -2605, -12503, -10139, 14, 5, -7, -3, 233, 70, 9985, 68, 233, 70, 9985, 68, 1, 1, 1, 1, 1, 1, 1, 1]
New data for subpage #1: 0x0009?
[-48, -45, -35, -50, -47, -44, -35, -52, -45, -46, -34, -54, -44, -43, -26, -48, -69, -80, -69, -82, -75, -83, -69, -90, -73, -81, -64, -87, -73, -79, -62, -90,
-52, -54, -57, -46, -53, -54, -58, -46, -52, -53, -57, -47, -49, -51, -46, -43, -75, -87, -90, -78, -81, -90, -91, -83, -77, -88, -86, -79, -79, -86, -82, -83,
-46, -43, -34, -49, -44, -44, -33, -51, -42, -44, -32, -50, -43, -41, -21, -46, -73, -82, -72, -88, -77, -84, -72, -90, -76, -83, -67, -88, -73, -81, -60, -92,
-48, -52, -56, -43, -48, -52, -56, -44, -47, -51, -56, -43, -47, -47, -43, -42, -78, -88, -96, -83, -82, -92, -94, -83, -81, -90, -87, -82, -77, -88, -85, -83,
-39, -40, -31, -45, -37, -39, -28, -46, -39, -40, -28, -48, -38, -37, -19, -46, -71, -80, -70, -91, -79, -85, -70, -90, -77, -84, -67, -89, -75, -84, -61, -91,
-45, -47, -54, -39, -44, -44, -52, -41, -41, -46, -50, -39, -38, -42, -41, -40, -76, -89, -92, -86, -86, -91, -92, -85, -83, -88, -89, -83, -82, -90, -83, -86,
-41, -39, -25, -9943, -35, -33, -22, -40, -33, -36, -22, -41, -27, -27, -16, -47, -75, -83, -71, -91, -79, -85, -71, -94, -76, -87, -67, -92, -76, -82, -63, -94,
-47, -45, -63, -35, -39, -38, -42, -32, -34, -35, -39, -27, -28, -31, -39, -42, -82, -91, -94, -85, -85, -93, -95, -87, -83, -92, -90, -87, -80, -90, -85, -87,
-31, -27, -14, -29, -18, -16, -6, -23, -14, -15, -6, -24, -18, -20, -18, -54, -73, -82, -71, -90, -78, -84, -73, -91, -76, -84, -70, -90, -77, -83, -63, -92,
-37, -39, -41, -27, -25, -25, -30, -19, -22, -25, -36, -27, -31, -35, -48, -52, -82, -92, -94, -87, -84, -90, -95, -85, -82, -94, -93, -85, -84, -94, -88, -87,
-65, -71, -71, -83, -58, -45, -30, -48, -46, -51, -45, -60, -57, -60, -54, -78, -76, -84, -71, -87, -76, -84, -69, -91, -75, -86, -70, -92, -81, -86, -65, -93,
-94, -93, -106, -90, -85, -85, -81, -72, -82, -83, -91, -80, -83, -87, -92, -83, -85, -92, -95, -84, -84, -90, -94, -87, -81, -97, -93, -90, -87, -94, -90, -89,
-93, -89, -83, -98, -91, -84, -76, -92, -87, -88, -75, -92, -82, -85, -74, -90, -81, -83, -71, -91, -79, -82, -71, -90, -77, -84, -71, -94, -79, -85, -70, -95,
-101, -104, -111, -99, -100, -102, -106, -92, -102, -101, -105, -92, -91, -95, -99, -86, -88, -93, -96, -88, -85, -93, -95, -88, -85, -93, -97, -92, -90, -96, -95, -92,
-96, -90, -83, -100, -94, -89, -83, -98, -95, -92, -83, -96, -85, -83, -72, -90, -79, -82, -71, -91, -78, -82, -68, -88, -80, -85, -75, -96, -82, -88, -70, -98,
-107, -105, -114, -102, -105, -105, -114, -101, -105, -106, -110, -94, -92, -94, -101, -87, -87, -92, -96, -86, -85, -94, -95, -87, -88, -98, -99, -92, -89, -96, -97, -94,
-91, -91, -86, -96, -93, -91, -89, -99, -93, -94, -85, -92, -81, -82, -75, -89, -76, -77, -69, -86, -76, -79, -68, -86, -78, -85, -75, -94, -84, -88, -71, -93,
-106, -107, -115, -100, -106, -107, -117, -103, -105, -108, -111, -94, -91, -97, -98, -84, -75, -80, -91, -80, -84, -94, -93, -82, -87, -96, -98, -91, -91, -98, -95, -93,
-100, -89, -89, -99, -96, -93, -89, -102, -96, -91, -84, -95, -86, -85, -67, -67, -47, -50, -47, -62, -69, -79, -60, -80, -75, -79, -69, -95, -84, -87, -66, -91,
-113, -110, -121, -104, -107, -109, -119, -106, -109, -108, -119, -102, -103, -105, -103, -85, -68, -68, -76, -60, -76, -90, -90, -80, -80, -88, -96, -94, -92, -99, -95, -91,
-102, -90, -89, -101, -100, -93, -90, -101, -96, -92, -89, -103, -97, -94, -88, -100, -81, -80, -60, -74, -69, -76, -74, -90, -73, -77, -75, -95, -86, -86, -73, -96,
-117, -111, -121, -106, -113, -112, -122, -106, -110, -110, -120, -106, -107, -109, -117, -102, -96, -102, -104, -90, -88, -94, -103, -92, -82, -92, -103, -95, -90, -99, -100, -95,
-98, -88, -89, -99, -96, -90, -91, -102, -95, -94, -87, -97, -88, -85, -84, -92, -75, -79, -77, -90, -80, -79, -74, -89, -80, -81, -79, -93, -88, -84, -79, -95,
-125, -119, -131, -114, -119, -119, -133, -113, -118, -121, -124, -112, -111, -114, -122, -109, -99, -105, -117, -103, -103, -108, -114, -102, -101, -108, -113, -106, -103, -108, -108, -103,
19031, 6480, 32767, 6480, 32767, 6478, 32767, 6478, -58, -12768, 5867, -10180, -1, 16, 5, -7, 6010, 1002, 607, 32767, 6010, 1002, 607, 32767, 1, 1, 1, 1, 1, 1, 1, 1,
1620, 32767, 6480, 32767, 6480, 32767, 6478, 32767, -53, -2606, -12502, -10138, 14, 4, -9, -1, 235, 70, 9982, 68, 236, 70, 9982, 68, 1, 1, 1, 1, 1, 1, 1, 1]
New data for subpage #1: 0x0009?
[-45, -40, -35, -54, -45, -41, -37, -55, -43, -43, -35, -56, -43, -43, -26, -50, -67, -77, -69, -87, -75, -78, -71, -90, -72, -80, -68, -89, -71, -76, -62, -92,
-48, -50, -60, -50, -49, -52, -60, -50, -48, -52, -59, -51, -48, -48, -49, -46, -72, -85, -93, -82, -77, -88, -93, -86, -74, -86, -90, -82, -76, -85, -84, -84,
-42, -41, -36, -50, -42, -40, -37, -53, -40, -41, -36, -53, -41, -39, -23, -49, -71, -79, -75, -87, -78, -80, -73, -93, -75, -80, -70, -91, -72, -80, -64, -93,
-47, -50, -58, -44, -45, -49, -58, -45, -45, -49, -57, -46, -44, -44, -45, -44, -75, -86, -96, -84, -78, -87, -96, -86, -76, -88, -92, -85, -74, -87, -86, -86,
-36, -37, -34, -48, -37, -36, -31, -49, -36, -37, -33, -48, -33, -34, -21, -48, -70, -77, -73, -94, -77, -80, -72, -94, -77, -80, -69, -92, -75, -81, -63, -90,
-42, -46, -55, -45, -40, -45, -52, -42, -39, -45, -54, -41, -36, -41, -41, -44, -74, -88, -93, -88, -80, -90, -95, -87, -80, -88, -90, -86, -78, -88, -86, -86,
-38, -37, -29, -9956, -33, -30, -23, -41, -30, -31, -26, -41, -27, -23, -18, -49, -74, -80, -74, -92, -77, -82, -74, -96, -75, -84, -69, -92, -74, -80, -64, -96,
-44, -44, -66, -37, -36, -37, -44, -33, -31, -35, -41, -30, -26, -28, -38, -45, -79, -90, -96, -89, -82, -91, -98, -88, -79, -91, -92, -87, -77, -89, -87, -88,
-31, -27, -18, -30, -16, -12, -8, -25, -12, -12, -10, -28, -16, -17, -21, -53, -73, -81, -73, -94, -78, -80, -73, -92, -74, -83, -72, -93, -76, -80, -68, -93,
-35, -35, -41, -29, -21, -24, -33, -22, -19, -24, -38, -27, -27, -33, -51, -55, -77, -92, -96, -88, -81, -91, -97, -87, -78, -93, -95, -88, -81, -91, -89, -88,
-64, -69, -74, -87, -56, -44, -33, -52, -44, -49, -46, -63, -55, -56, -56, -81, -75, -82, -74, -90, -74, -79, -73, -92, -75, -81, -73, -95, -78, -83, -69, -96,
-92, -94, -106, -92, -82, -85, -84, -76, -77, -83, -91, -82, -81, -84, -93, -86, -82, -93, -97, -87, -78, -88, -96, -88, -80, -93, -95, -91, -83, -92, -92, -93,
-89, -85, -87, -101, -90, -82, -79, -95, -89, -83, -76, -95, -82, -80, -77, -94, -79, -80, -72, -91, -75, -79, -73, -93, -77, -83, -75, -96, -78, -84, -71, -99,
-98, -102, -111, -100, -97, -98, -109, -95, -98, -100, -105, -93, -87, -92, -102, -90, -85, -91, -98, -91, -82, -92, -98, -90, -82, -90, -99, -91, -86, -94, -96, -95,
-93, -87, -85, -103, -93, -87, -86, -103, -94, -91, -84, -97, -81, -78, -76, -92, -77, -79, -74, -92, -77, -78, -71, -90, -79, -84, -77, -97, -79, -82, -74, -99,
-103, -104, -117, -104, -102, -106, -115, -101, -103, -106, -111, -95, -88, -93, -102, -90, -85, -92, -98, -90, -84, -93, -97, -88, -85, -96, -100, -94, -85, -97, -97, -95,
-91, -86, -89, -100, -93, -89, -90, -103, -91, -92, -86, -94, -80, -78, -76, -91, -73, -74, -71, -88, -74, -77, -71, -88, -77, -82, -78, -94, -83, -84, -75, -97,
-102, -105, -117, -103, -103, -105, -119, -105, -101, -108, -114, -98, -89, -95, -101, -84, -70, -77, -92, -81, -82, -92, -96, -86, -83, -93, -98, -94, -87, -95, -97, -95,
-98, -88, -91, -103, -95, -88, -90, -104, -94, -88, -85, -99, -87, -83, -68, -70, -47, -46, -51, -67, -68, -77, -64, -83, -74, -76, -71, -95, -81, -83, -69, -94,
-110, -108, -121, -105, -104, -107, -120, -105, -107, -107, -119, -103, -102, -104, -106, -87, -65, -67, -76, -62, -73, -89, -90, -82, -77, -86, -97, -94, -89, -98, -95, -92,
-102, -89, -93, -104, -100, -90, -91, -104, -96, -92, -90, -105, -94, -89, -90, -104, -82, -77, -64, -75, -68, -73, -75, -92, -71, -74, -78, -98, -85, -82, -75, -99,
-114, -111, -124, -108, -111, -110, -123, -108, -107, -110, -122, -108, -105, -107, -118, -105, -94, -101, -108, -94, -83, -93, -104, -94, -79, -89, -105, -97, -88, -98, -101, -99,
-99, -86, -92, -102, -94, -88, -93, -103, -94, -89, -89, -98, -87, -81, -85, -96, -75, -75, -80, -91, -78, -78, -75, -91, -80, -78, -82, -97, -83, -80, -80, -97,
-123, -119, -134, -115, -116, -118, -135, -115, -115, -121, -128, -113, -109, -113, -125, -110, -97, -105, -117, -105, -99, -107, -115, -103, -98, -107, -115, -108, -99, -106, -109, -105,
19031, 6483, 32767, 6483, 32767, 6482, 32767, 6482, -59, -12765, 5865, -10181, 0, 17, 3, -10, 6011, 1001, 607, 32767, 6011, 1001, 607, 32767, 1, 1, 1, 1, 1, 1, 1, 1,
1620, 32767, 6483, 32767, 6483, 32767, 6482, 32767, -52, -2606, -12503, -10140, 14, 4, -10, -2, 237, 70, 9984, 67, 237, 70, 9984, 67, 1, 1, 1, 1, 1, 1, 1, 1]
New data for subpage #0: 0x0008?
[-47, -43, -36, -50, -48, -44, -36, -48, -45, -46, -34, -51, -47, -44, -27, -46, -70, -79, -69, -83, -78, -83, -69, -87, -73, -81, -67, -84, -76, -80, -62, -86,
-50, -53, -55, -49, -48, -54, -55, -47, -49, -54, -54, -48, -47, -53, -44, -46, -74, -86, -90, -82, -80, -91, -90, -87, -74, -88, -84, -82, -76, -86, -78, -85,
-46, -42, -34, -46, -44, -42, -34, -48, -44, -43, -33, -49, -43, -41, -24, -44, -75, -80, -71, -85, -77, -84, -71, -89, -76, -82, -69, -87, -73, -81, -62, -88,
-47, -52, -54, -45, -45, -51, -54, -46, -45, -52, -52, -47, -46, -47, -42, -45, -76, -89, -92, -86, -79, -91, -89, -85, -77, -91, -84, -85, -75, -90, -81, -88,
-39, -38, -33, -42, -38, -40, -31, -42, -38, -38, -32, -45, -38, -36, -21, -43, -71, -82, -72, -89, -80, -83, -72, -88, -80, -84, -71, -86, -78, -83, -63, -87,
-42, -48, -52, -42, -40, -47, -48, -42, -39, -47, -50, -43, -38, -43, -37, -43, -73, -91, -92, -87, -81, -90, -90, -87, -80, -91, -86, -87, -79, -90, -80, -88,
-42, -38, -26, -9975, -37, -33, -23, -37, -33, -32, -22, -38, -29, -27, -15, -43, -75, -82, -73, -88, -80, -84, -71, -91, -76, -86, -68, -88, -75, -81, -64, -90,
-44, -47, -61, -38, -36, -40, -41, -33, -32, -37, -36, -32, -26, -31, -33, -44, -80, -93, -92, -86, -81, -94, -91, -88, -80, -93, -87, -87, -78, -89, -83, -87,
-34, -27, -16, -26, -20, -16, -7, -20, -17, -15, -8, -22, -19, -19, -18, -50, -75, -83, -72, -90, -79, -85, -71, -87, -76, -83, -71, -90, -78, -83, -64, -90,
-35, -40, -38, -28, -23, -27, -27, -22, -19, -27, -33, -29, -27, -37, -46, -56, -79, -95, -90, -89, -80, -93, -92, -88, -78, -96, -91, -88, -83, -94, -84, -89,
-67, -73, -72, -83, -59, -48, -31, -47, -47, -48, -45, -58, -58, -58, -55, -73, -77, -83, -74, -85, -77, -81, -70, -88, -77, -85, -71, -91, -81, -84, -67, -92,
-93, -97, -100, -93, -82, -87, -79, -75, -79, -87, -89, -82, -80, -89, -90, -86, -82, -93, -93, -85, -80, -91, -89, -89, -80, -96, -92, -91, -81, -95, -87, -93,
-94, -87, -84, -96, -90, -85, -78, -89, -90, -87, -76, -91, -82, -82, -76, -88, -82, -82, -71, -88, -78, -82, -71, -88, -78, -84, -73, -91, -81, -84, -72, -93,
-99, -105, -109, -102, -98, -102, -103, -96, -99, -104, -103, -92, -88, -94, -97, -90, -86, -93, -93, -89, -84, -94, -94, -90, -82, -93, -95, -94, -86, -96, -91, -96,
-96, -88, -86, -97, -96, -90, -85, -96, -98, -90, -83, -92, -85, -85, -74, -86, -79, -81, -71, -87, -80, -82, -71, -85, -79, -87, -74, -93, -84, -84, -72, -95,
-104, -108, -110, -104, -104, -106, -111, -103, -102, -108, -108, -98, -89, -98, -96, -92, -84, -93, -94, -90, -81, -96, -92, -89, -84, -96, -96, -94, -86, -98, -93, -94,
-92, -88, -87, -95, -95, -91, -90, -98, -95, -94, -85, -92, -81, -83, -75, -87, -75, -74, -71, -86, -75, -80, -69, -86, -79, -84, -78, -90, -86, -85, -75, -93,
-103, -108, -113, -103, -104, -109, -114, -106, -99, -109, -110, -98, -88, -98, -97, -87, -71, -79, -87, -84, -82, -95, -91, -86, -85, -96, -96, -93, -89, -99, -90, -95,
-101, -89, -90, -98, -98, -90, -89, -99, -97, -90, -85, -94, -87, -84, -66, -65, -48, -50, -49, -61, -71, -79, -63, -76, -74, -78, -70, -92, -88, -86, -68, -87,
-111, -110, -118, -106, -105, -110, -115, -107, -106, -109, -116, -104, -101, -105, -102, -88, -66, -71, -70, -64, -75, -91, -85, -80, -77, -90, -93, -95, -91, -101, -92, -93,
-104, -90, -91, -98, -102, -90, -90, -98, -98, -93, -90, -100, -98, -89, -87, -97, -84, -81, -61, -71, -70, -75, -73, -87, -72, -75, -78, -93, -85, -84, -74, -93,
-115, -114, -118, -109, -112, -112, -119, -110, -108, -112, -118, -108, -104, -110, -112, -104, -93, -103, -101, -94, -83, -94, -100, -94, -79, -93, -101, -98, -89, -99, -97, -99,
-101, -87, -89, -94, -97, -87, -92, -97, -96, -92, -88, -95, -89, -84, -83, -90, -76, -78, -78, -88, -79, -79, -76, -85, -80, -83, -81, -93, -86, -84, -79, -92,
-122, -121, -129, -116, -115, -119, -130, -116, -115, -122, -122, -114, -109, -116, -120, -111, -99, -106, -113, -103, -99, -111, -111, -103, -98, -109, -110, -108, -102, -109, -107, -105,
19031, 6481, 32767, 6481, 32767, 6480, 32767, 6480, -60, -12767, 5863, -10179, -2, 17, 7, -3, 6013, 995, 608, 32767, 6012, 994, 608, 32767, 1, 1, 1, 1, 1, 1, 1, 1,
1620, 32767, 6481, 32767, 6481, 32767, 6480, 32767, -54, -2607, -12501, -10140, 16, 3, -4, 0, 228, 70, 9985, 68, 228, 70, 9985, 68, 1, 1, 1, 1, 1, 1, 1, 1]
New data for subpage #1: 0x0009?
[-48, -42, -36, -50, -46, -42, -35, -53, -48, -43, -35, -54, -47, -42, -26, -49, -70, -78, -67, -86, -78, -81, -69, -91, -74, -77, -67, -89, -74, -79, -60, -91,
-51, -53, -56, -50, -49, -53, -58, -49, -49, -52, -56, -52, -48, -50, -46, -47, -73, -88, -91, -84, -79, -90, -90, -87, -77, -86, -86, -86, -76, -86, -80, -88,
-44, -39, -34, -51, -45, -40, -33, -53, -42, -42, -33, -53, -44, -39, -22, -49, -72, -80, -72, -88, -78, -81, -71, -94, -76, -82, -68, -91, -73, -80, -61, -92,
-47, -52, -56, -50, -46, -51, -54, -49, -44, -52, -53, -48, -45, -47, -43, -48, -75, -87, -93, -89, -79, -90, -91, -92, -79, -89, -86, -89, -75, -88, -82, -90,
-39, -38, -31, -47, -41, -36, -29, -48, -39, -39, -30, -49, -37, -32, -20, -47, -73, -78, -72, -92, -79, -82, -71, -94, -79, -81, -68, -89, -76, -80, -62, -90,
-42, -48, -53, -46, -41, -47, -50, -43, -41, -45, -50, -46, -36, -43, -38, -46, -75, -90, -92, -93, -81, -91, -92, -89, -79, -89, -88, -89, -77, -90, -83, -90,
-41, -37, -27, -9942, -36, -31, -23, -42, -33, -31, -22, -42, -29, -23, -15, -50, -77, -80, -73, -91, -82, -82, -72, -94, -75, -85, -68, -93, -76, -81, -63, -94,
-45, -45, -63, -41, -38, -39, -42, -36, -34, -36, -37, -35, -28, -31, -37, -48, -80, -89, -94, -90, -82, -93, -94, -93, -79, -93, -89, -90, -77, -90, -83, -92,
-32, -28, -14, -30, -21, -14, -6, -24, -15, -13, -9, -28, -19, -17, -18, -55, -76, -83, -71, -93, -78, -83, -72, -91, -76, -83, -70, -93, -78, -82, -63, -93,
-34, -38, -40, -32, -22, -25, -30, -24, -20, -27, -34, -32, -29, -35, -48, -60, -80, -92, -93, -92, -82, -92, -93, -92, -79, -94, -93, -91, -80, -93, -87, -91,
-67, -71, -72, -84, -59, -46, -31, -52, -45, -49, -44, -62, -58, -56, -54, -77, -78, -81, -71, -90, -77, -79, -69, -93, -77, -83, -71, -93, -80, -85, -67, -95,
-91, -95, -104, -96, -83, -85, -79, -80, -78, -84, -91, -85, -81, -88, -89, -90, -81, -93, -94, -89, -81, -90, -91, -92, -77, -96, -93, -95, -84, -93, -89, -96,
-93, -85, -83, -100, -90, -86, -77, -93, -88, -83, -76, -93, -83, -80, -73, -92, -81, -80, -71, -90, -79, -80, -72, -91, -78, -82, -72, -97, -82, -84, -71, -99,
-99, -104, -112, -104, -98, -104, -106, -98, -98, -103, -104, -98, -89, -93, -98, -91, -84, -93, -93, -94, -82, -92, -94, -91, -83, -92, -95, -97, -88, -96, -93, -98,
-96, -85, -86, -102, -95, -89, -85, -101, -96, -89, -82, -98, -85, -82, -73, -92, -80, -81, -71, -91, -79, -81, -70, -91, -81, -84, -75, -99, -81, -85, -71, -99,
-103, -107, -112, -108, -104, -105, -114, -106, -103, -108, -108, -103, -89, -96, -99, -95, -84, -92, -95, -92, -82, -95, -94, -91, -84, -98, -98, -98, -88, -98, -94, -100,
-92, -88, -85, -99, -94, -89, -88, -102, -92, -93, -85, -95, -81, -80, -75, -92, -74, -76, -69, -88, -75, -78, -67, -87, -78, -82, -76, -96, -86, -85, -74, -97,
-104, -107, -114, -105, -103, -108, -117, -109, -101, -109, -111, -101, -89, -97, -99, -88, -71, -80, -90, -87, -82, -93, -91, -88, -82, -96, -96, -97, -89, -98, -92, -98,
-101, -88, -91, -102, -96, -90, -89, -103, -96, -89, -86, -96, -87, -83, -65, -68, -48, -49, -47, -67, -71, -77, -62, -81, -76, -76, -70, -95, -86, -83, -69, -92,
-112, -111, -118, -110, -106, -109, -118, -111, -107, -110, -117, -107, -101, -105, -103, -91, -65, -70, -72, -67, -74, -89, -89, -85, -77, -88, -95, -98, -89, -102, -94, -97,
-103, -88, -90, -103, -101, -90, -89, -105, -98, -92, -90, -105, -97, -90, -87, -102, -83, -77, -61, -76, -70, -75, -73, -93, -74, -76, -76, -97, -85, -83, -74, -98,
-115, -113, -121, -111, -111, -113, -120, -113, -109, -113, -118, -112, -105, -109, -117, -108, -94, -101, -104, -97, -84, -93, -99, -97, -81, -93, -103, -100, -87, -100, -100, -101,
-100, -87, -91, -100, -96, -89, -92, -103, -97, -91, -87, -98, -89, -83, -82, -95, -75, -76, -77, -92, -79, -78, -75, -91, -81, -79, -81, -96, -88, -82, -78, -96,
-124, -117, -130, -118, -115, -119, -132, -119, -115, -122, -125, -117, -108, -116, -122, -114, -99, -105, -116, -107, -98, -109, -112, -105, -97, -108, -112, -111, -100, -107, -108, -110,
19031, 6484, 32767, 6484, 32767, 6482, 32767, 6482, -60, -12766, 5863, -10181, -3, 16, 7, -8, 6008, 1003, 607, 32767, 6008, 1003, 607, 32767, 1, 1, 1, 1, 1, 1, 1, 1,
1621, 32767, 6484, 32767, 6484, 32767, 6482, 32767, -52, -2607, -12505, -10140, 14, 4, -5, -5, 239, 70, 9982, 67, 239, 70, 9982, 67, 1, 1, 1, 1, 1, 1, 1, 1]
New data for subpage #0: 0x0008?
[-50, -43, -32, -51, -48, -43, -35, -53, -49, -44, -34, -54, -48, -43, -24, -48, -72, -79, -67, -84, -79, -81, -67, -88, -77, -78, -65, -85, -75, -76, -61, -89,
-50, -55, -56, -46, -49, -54, -54, -47, -47, -53, -56, -47, -48, -54, -47, -43, -72, -90, -90, -78, -78, -92, -91, -83, -75, -90, -89, -79, -74, -88, -79, -82,
-48, -41, -33, -50, -46, -40, -32, -50, -46, -42, -33, -52, -46, -39, -23, -47, -75, -79, -70, -88, -79, -80, -71, -93, -79, -81, -67, -87, -76, -78, -59, -91,
-47, -52, -55, -43, -45, -53, -54, -44, -44, -51, -53, -45, -44, -50, -43, -40, -75, -90, -94, -83, -79, -94, -92, -83, -77, -91, -87, -83, -74, -91, -82, -84,
-41, -37, -31, -47, -42, -36, -29, -47, -39, -38, -30, -46, -37, -34, -18, -45, -75, -80, -70, -90, -80, -81, -70, -91, -81, -80, -67, -89, -78, -80, -60, -89,
-40, -52, -53, -40, -38, -47, -50, -41, -39, -49, -50, -40, -37, -43, -40, -42, -75, -92, -92, -86, -82, -93, -92, -85, -78, -91, -88, -85, -80, -92, -82, -84,
-43, -38, -26, -9969, -38, -31, -20, -41, -34, -33, -21, -42, -32, -24, -14, -50, -77, -81, -70, -91, -81, -82, -70, -94, -78, -83, -66, -92, -76, -78, -61, -92,
-43, -46, -63, -35, -37, -41, -41, -31, -32, -37, -38, -28, -26, -31, -36, -43, -80, -91, -94, -84, -82, -94, -92, -88, -80, -96, -87, -85, -78, -92, -85, -86,
-34, -26, -15, -28, -21, -14, -5, -24, -16, -13, -6, -25, -21, -16, -17, -53, -78, -83, -71, -91, -82, -83, -72, -92, -78, -83, -70, -92, -80, -81, -63, -91,
-34, -38, -39, -29, -20, -25, -30, -21, -18, -29, -35, -25, -28, -37, -49, -54, -77, -93, -94, -86, -80, -95, -94, -86, -78, -96, -92, -87, -81, -94, -86, -86,
-69, -70, -71, -85, -61, -44, -31, -50, -49, -50, -43, -60, -60, -55, -53, -77, -78, -82, -70, -89, -79, -81, -69, -90, -79, -84, -69, -93, -82, -84, -65, -93,
-90, -97, -104, -88, -82, -87, -81, -72, -78, -86, -89, -80, -80, -88, -91, -84, -79, -94, -94, -84, -79, -93, -92, -85, -80, -96, -92, -91, -82, -96, -88, -92,
-94, -86, -81, -99, -91, -84, -75, -91, -92, -86, -73, -93, -84, -79, -72, -91, -83, -81, -70, -91, -83, -80, -70, -90, -81, -82, -70, -94, -83, -83, -69, -97,
-99, -105, -110, -99, -96, -103, -106, -94, -98, -104, -103, -92, -86, -95, -98, -89, -84, -95, -95, -87, -82, -96, -93, -87, -81, -95, -96, -92, -86, -98, -94, -92,
-98, -87, -82, -100, -96, -88, -82, -100, -98, -89, -82, -95, -86, -81, -73, -89, -83, -79, -70, -89, -81, -82, -67, -89, -83, -83, -74, -96, -84, -85, -72, -96,
-103, -108, -111, -102, -102, -107, -110, -100, -100, -109, -109, -93, -88, -97, -99, -87, -85, -95, -96, -86, -84, -97, -92, -86, -85, -99, -100, -91, -85, -98, -94, -93,
-95, -87, -86, -99, -97, -90, -88, -103, -96, -91, -85, -94, -85, -80, -74, -90, -77, -74, -67, -87, -78, -77, -66, -86, -84, -80, -74, -93, -87, -84, -70, -95,
-102, -108, -113, -101, -104, -109, -116, -102, -101, -111, -112, -96, -87, -100, -98, -84, -70, -82, -88, -81, -82, -96, -90, -83, -82, -98, -97, -90, -89, -101, -94, -93,
-104, -87, -88, -100, -98, -88, -86, -101, -98, -90, -83, -95, -89, -82, -66, -69, -50, -48, -47, -64, -71, -76, -62, -79, -76, -76, -69, -94, -88, -84, -66, -91,
-111, -112, -119, -103, -104, -110, -116, -104, -106, -110, -116, -103, -101, -107, -105, -85, -67, -71, -75, -60, -72, -92, -87, -79, -77, -88, -95, -95, -88, -102, -94, -91,
-104, -88, -89, -102, -104, -91, -88, -104, -101, -90, -87, -102, -99, -90, -86, -102, -85, -77, -60, -75, -71, -74, -71, -91, -75, -75, -74, -94, -88, -83, -72, -95,
-114, -114, -122, -107, -111, -113, -120, -109, -107, -114, -119, -105, -104, -110, -117, -103, -92, -104, -105, -91, -84, -95, -100, -91, -77, -95, -103, -95, -86, -102, -97, -98,
-103, -85, -89, -98, -97, -89, -91, -103, -97, -90, -86, -98, -92, -84, -82, -92, -76, -74, -78, -91, -82, -77, -72, -89, -82, -79, -78, -96, -89, -81, -77, -95,
-121, -121, -131, -112, -113, -122, -130, -112, -114, -123, -124, -113, -109, -118, -121, -107, -98, -107, -116, -103, -96, -112, -112, -102, -96, -112, -112, -106, -99, -110, -108, -104,
19031, 6483, 32767, 6483, 32767, 6482, 32767, 6482, -60, -12767, 5867, -10180, -3, 18, 6, -7, 6014, 1004, 607, 32767, 6014, 1004, 607, 32767, 1, 1, 1, 1, 1, 1, 1, 1,
1620, 32767, 6483, 32767, 6483, 32767, 6482, 32767, -53, -2607, -12505, -10138, 16, 3, -7, -1, 239, 69, 9982, 68, 239, 69, 9982, 68, 1, 1, 1, 1, 1, 1, 1, 1]
